2020-08-22 00:03:27,385:INFO:PyCaret Regression Module
2020-08-22 00:03:27,385:INFO:version 2.0
2020-08-22 00:03:27,385:INFO:Initializing setup()
2020-08-22 00:03:27,386:INFO:USI: 11c9
2020-08-22 00:03:27,386:INFO:setup(data=(301,), target=Selling_Price, train_size=0.7, sampling=True, sample_estimator=None, categorical_features=None, categorical_imputation=constant, ordinal_features=None,
                    high_cardinality_features=None, high_cardinality_method=frequency, numeric_features=None, numeric_imputation=mean, date_features=None, ignore_features=None, normalize=False,
                    normalize_method=zscore, transformation=False, transformation_method=yeo-johnson, handle_unknown_categorical=True, unknown_categorical_method=least_frequent, pca=False, pca_method=linear,
                    pca_components=None, ignore_low_variance=False, combine_rare_levels=False, rare_level_threshold=0.1, bin_numeric_features=None, remove_outliers=False, outliers_threshold=0.05,
                    remove_multicollinearity=False, multicollinearity_threshold=0.9, remove_perfect_collinearity=False, create_clusters=False, cluster_iter=20,
                    polynomial_features=False, polynomial_degree=2, trigonometry_features=False, polynomial_threshold=0.1, group_features=None,
                    group_names=None, feature_selection=False, feature_selection_threshold=0.8, feature_interaction=False, feature_ratio=False, interaction_threshold=0.01, transform_target=False,
                    transform_target_method=box-cox, data_split_shuffle=True, folds_shuffle=False, n_jobs=-1, html=True, session_id=None, log_experiment=False,
                    experiment_name=None, log_plots=False, log_profile=False, log_data=False, silent=False, verbose=True, profile=False)
2020-08-22 00:03:27,386:INFO:Checking environment
2020-08-22 00:03:27,386:INFO:python_version: 3.7.7
2020-08-22 00:03:27,386:INFO:python_build: ('default', 'May  6 2020 11:45:54')
2020-08-22 00:03:27,387:INFO:machine: AMD64
2020-08-22 00:03:27,387:INFO:platform: Windows-10-10.0.18362-SP0
2020-08-22 00:03:27,388:WARNING:cannot find psutil installation. memory not traceable. Install psutil using pip to enable memory logging. 
2020-08-22 00:03:27,388:INFO:Checking libraries
2020-08-22 00:03:27,388:INFO:pd==1.1.1
2020-08-22 00:03:27,388:INFO:numpy==1.19.1
2020-08-22 00:03:27,388:INFO:sklearn==0.23.2
2020-08-22 00:03:27,423:INFO:xgboost==1.1.1
2020-08-22 00:03:27,451:INFO:lightgbm==2.3.1
2020-08-22 00:03:27,479:INFO:catboost==0.24
2020-08-22 00:03:28,734:INFO:mlflow==1.10.0
2020-08-22 00:03:28,735:INFO:Checking Exceptions
2020-08-22 00:04:04,668:INFO:PyCaret Regression Module
2020-08-22 00:04:04,668:INFO:version 2.0
2020-08-22 00:04:04,671:INFO:Initializing setup()
2020-08-22 00:04:04,671:INFO:USI: 0e5d
2020-08-22 00:04:04,671:INFO:setup(data=(301,), target=Selling_Price, train_size=0.7, sampling=True, sample_estimator=None, categorical_features=None, categorical_imputation=constant, ordinal_features=None,
                    high_cardinality_features=None, high_cardinality_method=frequency, numeric_features=None, numeric_imputation=mean, date_features=None, ignore_features=None, normalize=False,
                    normalize_method=zscore, transformation=False, transformation_method=yeo-johnson, handle_unknown_categorical=True, unknown_categorical_method=least_frequent, pca=False, pca_method=linear,
                    pca_components=None, ignore_low_variance=False, combine_rare_levels=False, rare_level_threshold=0.1, bin_numeric_features=None, remove_outliers=False, outliers_threshold=0.05,
                    remove_multicollinearity=False, multicollinearity_threshold=0.9, remove_perfect_collinearity=False, create_clusters=False, cluster_iter=20,
                    polynomial_features=False, polynomial_degree=2, trigonometry_features=False, polynomial_threshold=0.1, group_features=None,
                    group_names=None, feature_selection=False, feature_selection_threshold=0.8, feature_interaction=False, feature_ratio=False, interaction_threshold=0.01, transform_target=False,
                    transform_target_method=box-cox, data_split_shuffle=True, folds_shuffle=False, n_jobs=-1, html=True, session_id=None, log_experiment=False,
                    experiment_name=None, log_plots=False, log_profile=False, log_data=False, silent=False, verbose=True, profile=False)
2020-08-22 00:04:04,672:INFO:Checking environment
2020-08-22 00:04:04,672:INFO:python_version: 3.7.7
2020-08-22 00:04:04,672:INFO:python_build: ('default', 'May  6 2020 11:45:54')
2020-08-22 00:04:04,672:INFO:machine: AMD64
2020-08-22 00:04:04,672:INFO:platform: Windows-10-10.0.18362-SP0
2020-08-22 00:04:04,673:WARNING:cannot find psutil installation. memory not traceable. Install psutil using pip to enable memory logging. 
2020-08-22 00:04:04,673:INFO:Checking libraries
2020-08-22 00:04:04,673:INFO:pd==1.1.1
2020-08-22 00:04:04,673:INFO:numpy==1.19.1
2020-08-22 00:04:04,673:INFO:sklearn==0.23.2
2020-08-22 00:04:04,673:INFO:xgboost==1.1.1
2020-08-22 00:04:04,673:INFO:lightgbm==2.3.1
2020-08-22 00:04:04,673:INFO:catboost==0.24
2020-08-22 00:04:04,674:INFO:mlflow==1.10.0
2020-08-22 00:04:04,674:INFO:Checking Exceptions
2020-08-22 00:04:30,061:INFO:PyCaret Regression Module
2020-08-22 00:04:30,061:INFO:version 2.0
2020-08-22 00:04:30,063:INFO:Initializing setup()
2020-08-22 00:04:30,063:INFO:USI: 0d62
2020-08-22 00:04:30,064:INFO:setup(data=(301, 9), target=Selling_Price, train_size=0.7, sampling=True, sample_estimator=None, categorical_features=None, categorical_imputation=constant, ordinal_features=None,
                    high_cardinality_features=None, high_cardinality_method=frequency, numeric_features=None, numeric_imputation=mean, date_features=None, ignore_features=None, normalize=False,
                    normalize_method=zscore, transformation=False, transformation_method=yeo-johnson, handle_unknown_categorical=True, unknown_categorical_method=least_frequent, pca=False, pca_method=linear,
                    pca_components=None, ignore_low_variance=False, combine_rare_levels=False, rare_level_threshold=0.1, bin_numeric_features=None, remove_outliers=False, outliers_threshold=0.05,
                    remove_multicollinearity=False, multicollinearity_threshold=0.9, remove_perfect_collinearity=False, create_clusters=False, cluster_iter=20,
                    polynomial_features=False, polynomial_degree=2, trigonometry_features=False, polynomial_threshold=0.1, group_features=None,
                    group_names=None, feature_selection=False, feature_selection_threshold=0.8, feature_interaction=False, feature_ratio=False, interaction_threshold=0.01, transform_target=False,
                    transform_target_method=box-cox, data_split_shuffle=True, folds_shuffle=False, n_jobs=-1, html=True, session_id=None, log_experiment=False,
                    experiment_name=None, log_plots=False, log_profile=False, log_data=False, silent=False, verbose=True, profile=False)
2020-08-22 00:04:30,064:INFO:Checking environment
2020-08-22 00:04:30,064:INFO:python_version: 3.7.7
2020-08-22 00:04:30,064:INFO:python_build: ('default', 'May  6 2020 11:45:54')
2020-08-22 00:04:30,064:INFO:machine: AMD64
2020-08-22 00:04:30,064:INFO:platform: Windows-10-10.0.18362-SP0
2020-08-22 00:04:30,065:WARNING:cannot find psutil installation. memory not traceable. Install psutil using pip to enable memory logging. 
2020-08-22 00:04:30,065:INFO:Checking libraries
2020-08-22 00:04:30,065:INFO:pd==1.1.1
2020-08-22 00:04:30,065:INFO:numpy==1.19.1
2020-08-22 00:04:30,065:INFO:sklearn==0.23.2
2020-08-22 00:04:30,065:INFO:xgboost==1.1.1
2020-08-22 00:04:30,065:INFO:lightgbm==2.3.1
2020-08-22 00:04:30,065:INFO:catboost==0.24
2020-08-22 00:04:30,065:INFO:mlflow==1.10.0
2020-08-22 00:04:30,065:INFO:Checking Exceptions
2020-08-22 00:04:30,065:INFO:Preloading libraries
2020-08-22 00:04:30,066:INFO:Preparing display monitor
2020-08-22 00:04:30,084:INFO:Importing libraries
2020-08-22 00:04:30,971:INFO:Copying data for preprocessing
2020-08-22 00:04:30,971:INFO:Declaring global variables
2020-08-22 00:04:30,978:INFO:Declaring preprocessing parameters
2020-08-22 00:04:30,978:INFO:Importing preprocessing module
2020-08-22 00:04:31,616:INFO:Creating preprocessing pipeline
2020-08-22 00:06:10,648:INFO:PyCaret Regression Module
2020-08-22 00:06:10,648:INFO:version 2.0
2020-08-22 00:06:10,649:INFO:Initializing setup()
2020-08-22 00:06:10,649:INFO:USI: aa84
2020-08-22 00:06:10,649:INFO:setup(data=(301, 9), target=Selling_Price, train_size=0.7, sampling=True, sample_estimator=None, categorical_features=None, categorical_imputation=constant, ordinal_features=None,
                    high_cardinality_features=None, high_cardinality_method=frequency, numeric_features=None, numeric_imputation=mean, date_features=None, ignore_features=None, normalize=False,
                    normalize_method=zscore, transformation=False, transformation_method=yeo-johnson, handle_unknown_categorical=True, unknown_categorical_method=least_frequent, pca=False, pca_method=linear,
                    pca_components=None, ignore_low_variance=False, combine_rare_levels=False, rare_level_threshold=0.1, bin_numeric_features=None, remove_outliers=False, outliers_threshold=0.05,
                    remove_multicollinearity=False, multicollinearity_threshold=0.9, remove_perfect_collinearity=False, create_clusters=False, cluster_iter=20,
                    polynomial_features=False, polynomial_degree=2, trigonometry_features=False, polynomial_threshold=0.1, group_features=None,
                    group_names=None, feature_selection=False, feature_selection_threshold=0.8, feature_interaction=False, feature_ratio=False, interaction_threshold=0.01, transform_target=False,
                    transform_target_method=box-cox, data_split_shuffle=True, folds_shuffle=False, n_jobs=-1, html=True, session_id=None, log_experiment=False,
                    experiment_name=None, log_plots=False, log_profile=False, log_data=False, silent=False, verbose=True, profile=False)
2020-08-22 00:06:10,649:INFO:Checking environment
2020-08-22 00:06:10,649:INFO:python_version: 3.7.7
2020-08-22 00:06:10,649:INFO:python_build: ('default', 'May  6 2020 11:45:54')
2020-08-22 00:06:10,649:INFO:machine: AMD64
2020-08-22 00:06:10,649:INFO:platform: Windows-10-10.0.18362-SP0
2020-08-22 00:06:10,650:WARNING:cannot find psutil installation. memory not traceable. Install psutil using pip to enable memory logging. 
2020-08-22 00:06:10,650:INFO:Checking libraries
2020-08-22 00:06:10,651:INFO:pd==1.1.1
2020-08-22 00:06:10,651:INFO:numpy==1.19.1
2020-08-22 00:06:10,651:INFO:sklearn==0.23.2
2020-08-22 00:06:10,651:INFO:xgboost==1.1.1
2020-08-22 00:06:10,651:INFO:lightgbm==2.3.1
2020-08-22 00:06:10,651:INFO:catboost==0.24
2020-08-22 00:06:10,651:INFO:mlflow==1.10.0
2020-08-22 00:06:10,651:INFO:Checking Exceptions
2020-08-22 00:06:10,651:INFO:Preloading libraries
2020-08-22 00:06:10,651:INFO:Preparing display monitor
2020-08-22 00:06:10,664:INFO:Importing libraries
2020-08-22 00:06:10,679:INFO:Copying data for preprocessing
2020-08-22 00:06:10,679:INFO:Declaring global variables
2020-08-22 00:06:10,684:INFO:Declaring preprocessing parameters
2020-08-22 00:06:10,685:INFO:Importing preprocessing module
2020-08-22 00:06:10,685:INFO:Creating preprocessing pipeline
2020-08-22 00:08:38,934:INFO:PyCaret Regression Module
2020-08-22 00:08:38,935:INFO:version 2.0
2020-08-22 00:08:38,935:INFO:Initializing setup()
2020-08-22 00:08:38,935:INFO:USI: e783
2020-08-22 00:08:38,935:INFO:setup(data=(301, 9), target=Selling_Price, train_size=0.7, sampling=True, sample_estimator=None, categorical_features=None, categorical_imputation=constant, ordinal_features=None,
                    high_cardinality_features=None, high_cardinality_method=frequency, numeric_features=None, numeric_imputation=mean, date_features=None, ignore_features=None, normalize=False,
                    normalize_method=zscore, transformation=False, transformation_method=yeo-johnson, handle_unknown_categorical=True, unknown_categorical_method=least_frequent, pca=False, pca_method=linear,
                    pca_components=None, ignore_low_variance=False, combine_rare_levels=False, rare_level_threshold=0.1, bin_numeric_features=None, remove_outliers=False, outliers_threshold=0.05,
                    remove_multicollinearity=False, multicollinearity_threshold=0.9, remove_perfect_collinearity=False, create_clusters=False, cluster_iter=20,
                    polynomial_features=False, polynomial_degree=2, trigonometry_features=False, polynomial_threshold=0.1, group_features=None,
                    group_names=None, feature_selection=False, feature_selection_threshold=0.8, feature_interaction=False, feature_ratio=False, interaction_threshold=0.01, transform_target=False,
                    transform_target_method=box-cox, data_split_shuffle=True, folds_shuffle=False, n_jobs=-1, html=True, session_id=None, log_experiment=False,
                    experiment_name=None, log_plots=False, log_profile=False, log_data=False, silent=False, verbose=True, profile=False)
2020-08-22 00:08:38,935:INFO:Checking environment
2020-08-22 00:08:38,935:INFO:python_version: 3.7.7
2020-08-22 00:08:38,935:INFO:python_build: ('default', 'May  6 2020 11:45:54')
2020-08-22 00:08:38,935:INFO:machine: AMD64
2020-08-22 00:08:38,935:INFO:platform: Windows-10-10.0.18362-SP0
2020-08-22 00:08:38,936:WARNING:cannot find psutil installation. memory not traceable. Install psutil using pip to enable memory logging. 
2020-08-22 00:08:38,936:INFO:Checking libraries
2020-08-22 00:08:38,936:INFO:pd==1.1.1
2020-08-22 00:08:38,936:INFO:numpy==1.19.1
2020-08-22 00:08:38,936:INFO:sklearn==0.23.2
2020-08-22 00:08:38,954:INFO:xgboost==1.1.1
2020-08-22 00:08:38,970:INFO:lightgbm==2.3.1
2020-08-22 00:08:38,986:INFO:catboost==0.24
2020-08-22 00:08:39,898:INFO:mlflow==1.10.0
2020-08-22 00:08:39,898:INFO:Checking Exceptions
2020-08-22 00:08:39,898:INFO:Preloading libraries
2020-08-22 00:08:39,899:INFO:Preparing display monitor
2020-08-22 00:08:39,915:INFO:Importing libraries
2020-08-22 00:08:40,447:INFO:Copying data for preprocessing
2020-08-22 00:08:40,448:INFO:Declaring global variables
2020-08-22 00:08:40,453:INFO:Declaring preprocessing parameters
2020-08-22 00:08:40,453:INFO:Importing preprocessing module
2020-08-22 00:08:40,999:INFO:Creating preprocessing pipeline
2020-08-22 00:09:56,872:INFO:Preprocessing pipeline created successfully
2020-08-22 00:09:56,872:INFO:No inverse transformer found
2020-08-22 00:09:56,872:INFO:Creating grid variables
2020-08-22 00:09:56,872:INFO:Creating global containers
2020-08-22 00:09:56,972:INFO:create_model_container: 0
2020-08-22 00:09:56,972:INFO:master_model_container: 0
2020-08-22 00:09:56,972:INFO:display_container: 0
2020-08-22 00:09:56,972:INFO:setup() succesfully completed......................................
2020-08-22 00:10:13,641:INFO:Initializing compare_models()
2020-08-22 00:10:13,642:INFO:compare_models(blacklist=None, whitelist=None, fold=10, round=4, sort=R2, n_select=1, turbo=True, verbose=True)
2020-08-22 00:10:13,642:INFO:Checking exceptions
2020-08-22 00:10:13,642:INFO:Preloading libraries
2020-08-22 00:10:13,642:INFO:Preparing display monitor
2020-08-22 00:10:13,668:INFO:Copying training dataset
2020-08-22 00:10:13,668:INFO:Importing libraries
2020-08-22 00:10:13,684:INFO:Importing untrained models
2020-08-22 00:10:13,684:INFO:Import successful
2020-08-22 00:10:13,692:INFO:Defining folds
2020-08-22 00:10:13,692:INFO:Declaring metric variables
2020-08-22 00:10:13,692:INFO:Initializing Linear Regression
2020-08-22 00:10:13,700:INFO:Initializing Fold 1
2020-08-22 00:10:13,708:INFO:Fitting Model
2020-08-22 00:10:13,712:INFO:Evaluating Metrics
2020-08-22 00:10:13,716:INFO:No inverse transformer found
2020-08-22 00:10:13,716:INFO:Compiling Metrics
2020-08-22 00:10:13,720:INFO:Initializing Fold 2
2020-08-22 00:10:13,728:INFO:Fitting Model
2020-08-22 00:10:13,732:INFO:Evaluating Metrics
2020-08-22 00:10:13,736:INFO:No inverse transformer found
2020-08-22 00:10:13,736:INFO:Compiling Metrics
2020-08-22 00:10:13,744:INFO:Initializing Fold 3
2020-08-22 00:10:13,752:INFO:Fitting Model
2020-08-22 00:10:13,752:INFO:Evaluating Metrics
2020-08-22 00:10:13,756:INFO:No inverse transformer found
2020-08-22 00:10:13,756:INFO:Compiling Metrics
2020-08-22 00:10:13,764:INFO:Initializing Fold 4
2020-08-22 00:10:13,772:INFO:Fitting Model
2020-08-22 00:10:13,776:INFO:Evaluating Metrics
2020-08-22 00:10:13,776:INFO:No inverse transformer found
2020-08-22 00:10:13,776:INFO:Compiling Metrics
2020-08-22 00:10:13,784:INFO:Initializing Fold 5
2020-08-22 00:10:13,792:INFO:Fitting Model
2020-08-22 00:10:13,796:INFO:Evaluating Metrics
2020-08-22 00:10:13,800:INFO:No inverse transformer found
2020-08-22 00:10:13,800:INFO:Compiling Metrics
2020-08-22 00:10:13,808:INFO:Initializing Fold 6
2020-08-22 00:10:13,820:INFO:Fitting Model
2020-08-22 00:10:13,820:INFO:Evaluating Metrics
2020-08-22 00:10:13,824:INFO:No inverse transformer found
2020-08-22 00:10:13,824:INFO:Compiling Metrics
2020-08-22 00:10:13,832:INFO:Initializing Fold 7
2020-08-22 00:10:13,840:INFO:Fitting Model
2020-08-22 00:10:13,844:INFO:Evaluating Metrics
2020-08-22 00:10:13,844:INFO:No inverse transformer found
2020-08-22 00:10:13,844:INFO:Compiling Metrics
2020-08-22 00:10:13,852:INFO:Initializing Fold 8
2020-08-22 00:10:13,862:INFO:Fitting Model
2020-08-22 00:10:13,866:INFO:Evaluating Metrics
2020-08-22 00:10:13,866:INFO:No inverse transformer found
2020-08-22 00:10:13,866:INFO:Compiling Metrics
2020-08-22 00:10:13,874:INFO:Initializing Fold 9
2020-08-22 00:10:13,882:INFO:Fitting Model
2020-08-22 00:10:13,886:INFO:Evaluating Metrics
2020-08-22 00:10:13,886:INFO:No inverse transformer found
2020-08-22 00:10:13,886:INFO:Compiling Metrics
2020-08-22 00:10:13,894:INFO:Initializing Fold 10
2020-08-22 00:10:13,902:INFO:Fitting Model
2020-08-22 00:10:13,906:INFO:Evaluating Metrics
2020-08-22 00:10:13,906:INFO:No inverse transformer found
2020-08-22 00:10:13,910:INFO:Compiling Metrics
2020-08-22 00:10:13,914:INFO:Calculating mean and std
2020-08-22 00:10:13,914:INFO:Creating metrics dataframe
2020-08-22 00:10:13,930:INFO:Initializing Lasso Regression
2020-08-22 00:10:13,934:INFO:Initializing Fold 1
2020-08-22 00:10:13,942:INFO:Fitting Model
2020-08-22 00:10:13,946:INFO:Evaluating Metrics
2020-08-22 00:10:13,950:INFO:No inverse transformer found
2020-08-22 00:10:13,950:INFO:Compiling Metrics
2020-08-22 00:10:13,958:INFO:Initializing Fold 2
2020-08-22 00:10:13,966:INFO:Fitting Model
2020-08-22 00:10:13,970:INFO:Evaluating Metrics
2020-08-22 00:10:13,970:INFO:No inverse transformer found
2020-08-22 00:10:13,970:INFO:Compiling Metrics
2020-08-22 00:10:13,978:INFO:Initializing Fold 3
2020-08-22 00:10:13,986:INFO:Fitting Model
2020-08-22 00:10:13,990:INFO:Evaluating Metrics
2020-08-22 00:10:13,994:INFO:No inverse transformer found
2020-08-22 00:10:13,994:INFO:Compiling Metrics
2020-08-22 00:10:14,000:INFO:Initializing Fold 4
2020-08-22 00:10:14,008:INFO:Fitting Model
2020-08-22 00:10:14,012:INFO:Evaluating Metrics
2020-08-22 00:10:14,016:INFO:No inverse transformer found
2020-08-22 00:10:14,016:INFO:Compiling Metrics
2020-08-22 00:10:14,021:INFO:Initializing Fold 5
2020-08-22 00:10:14,028:INFO:Fitting Model
2020-08-22 00:10:14,032:INFO:Evaluating Metrics
2020-08-22 00:10:14,036:INFO:No inverse transformer found
2020-08-22 00:10:14,036:INFO:Compiling Metrics
2020-08-22 00:10:14,045:INFO:Initializing Fold 6
2020-08-22 00:10:14,052:INFO:Fitting Model
2020-08-22 00:10:14,056:INFO:Evaluating Metrics
2020-08-22 00:10:14,056:INFO:No inverse transformer found
2020-08-22 00:10:14,056:INFO:Compiling Metrics
2020-08-22 00:10:14,064:INFO:Initializing Fold 7
2020-08-22 00:10:14,072:INFO:Fitting Model
2020-08-22 00:10:14,076:INFO:Evaluating Metrics
2020-08-22 00:10:14,076:INFO:No inverse transformer found
2020-08-22 00:10:14,076:INFO:Compiling Metrics
2020-08-22 00:10:14,084:INFO:Initializing Fold 8
2020-08-22 00:10:14,092:INFO:Fitting Model
2020-08-22 00:10:14,096:INFO:Evaluating Metrics
2020-08-22 00:10:14,101:INFO:No inverse transformer found
2020-08-22 00:10:14,101:INFO:Compiling Metrics
2020-08-22 00:10:14,109:INFO:Initializing Fold 9
2020-08-22 00:10:14,113:INFO:Fitting Model
2020-08-22 00:10:14,117:INFO:Evaluating Metrics
2020-08-22 00:10:14,121:INFO:No inverse transformer found
2020-08-22 00:10:14,121:INFO:Compiling Metrics
2020-08-22 00:10:14,129:INFO:Initializing Fold 10
2020-08-22 00:10:14,137:INFO:Fitting Model
2020-08-22 00:10:14,141:INFO:Evaluating Metrics
2020-08-22 00:10:14,141:INFO:No inverse transformer found
2020-08-22 00:10:14,141:INFO:Compiling Metrics
2020-08-22 00:10:14,149:INFO:Calculating mean and std
2020-08-22 00:10:14,149:INFO:Creating metrics dataframe
2020-08-22 00:10:14,161:INFO:Initializing Ridge Regression
2020-08-22 00:10:14,169:INFO:Initializing Fold 1
2020-08-22 00:10:14,177:INFO:Fitting Model
2020-08-22 00:10:14,181:INFO:Evaluating Metrics
2020-08-22 00:10:14,185:INFO:No inverse transformer found
2020-08-22 00:10:14,185:INFO:Compiling Metrics
2020-08-22 00:10:14,193:INFO:Initializing Fold 2
2020-08-22 00:10:14,201:INFO:Fitting Model
2020-08-22 00:10:14,202:INFO:Evaluating Metrics
2020-08-22 00:10:14,206:INFO:No inverse transformer found
2020-08-22 00:10:14,206:INFO:Compiling Metrics
2020-08-22 00:10:14,214:INFO:Initializing Fold 3
2020-08-22 00:10:14,226:INFO:Fitting Model
2020-08-22 00:10:14,226:INFO:Evaluating Metrics
2020-08-22 00:10:14,230:INFO:No inverse transformer found
2020-08-22 00:10:14,230:INFO:Compiling Metrics
2020-08-22 00:10:14,238:INFO:Initializing Fold 4
2020-08-22 00:10:14,246:INFO:Fitting Model
2020-08-22 00:10:14,250:INFO:Evaluating Metrics
2020-08-22 00:10:14,250:INFO:No inverse transformer found
2020-08-22 00:10:14,250:INFO:Compiling Metrics
2020-08-22 00:10:14,262:INFO:Initializing Fold 5
2020-08-22 00:10:14,270:INFO:Fitting Model
2020-08-22 00:10:14,274:INFO:Evaluating Metrics
2020-08-22 00:10:14,274:INFO:No inverse transformer found
2020-08-22 00:10:14,274:INFO:Compiling Metrics
2020-08-22 00:10:14,282:INFO:Initializing Fold 6
2020-08-22 00:10:14,290:INFO:Fitting Model
2020-08-22 00:10:14,294:INFO:Evaluating Metrics
2020-08-22 00:10:14,298:INFO:No inverse transformer found
2020-08-22 00:10:14,298:INFO:Compiling Metrics
2020-08-22 00:10:14,306:INFO:Initializing Fold 7
2020-08-22 00:10:14,314:INFO:Fitting Model
2020-08-22 00:10:14,318:INFO:Evaluating Metrics
2020-08-22 00:10:14,318:INFO:No inverse transformer found
2020-08-22 00:10:14,318:INFO:Compiling Metrics
2020-08-22 00:10:14,326:INFO:Initializing Fold 8
2020-08-22 00:10:14,334:INFO:Fitting Model
2020-08-22 00:10:14,338:INFO:Evaluating Metrics
2020-08-22 00:10:14,338:INFO:No inverse transformer found
2020-08-22 00:10:14,338:INFO:Compiling Metrics
2020-08-22 00:10:14,346:INFO:Initializing Fold 9
2020-08-22 00:10:14,354:INFO:Fitting Model
2020-08-22 00:10:14,358:INFO:Evaluating Metrics
2020-08-22 00:10:14,362:INFO:No inverse transformer found
2020-08-22 00:10:14,362:INFO:Compiling Metrics
2020-08-22 00:10:14,370:INFO:Initializing Fold 10
2020-08-22 00:10:14,378:INFO:Fitting Model
2020-08-22 00:10:14,382:INFO:Evaluating Metrics
2020-08-22 00:10:14,382:INFO:No inverse transformer found
2020-08-22 00:10:14,382:INFO:Compiling Metrics
2020-08-22 00:10:14,390:INFO:Calculating mean and std
2020-08-22 00:10:14,390:INFO:Creating metrics dataframe
2020-08-22 00:10:14,402:INFO:Initializing Elastic Net
2020-08-22 00:10:14,410:INFO:Initializing Fold 1
2020-08-22 00:10:14,418:INFO:Fitting Model
2020-08-22 00:10:14,422:INFO:Evaluating Metrics
2020-08-22 00:10:14,426:INFO:No inverse transformer found
2020-08-22 00:10:14,426:INFO:Compiling Metrics
2020-08-22 00:10:14,434:INFO:Initializing Fold 2
2020-08-22 00:10:14,438:INFO:Fitting Model
2020-08-22 00:10:14,442:INFO:Evaluating Metrics
2020-08-22 00:10:14,446:INFO:No inverse transformer found
2020-08-22 00:10:14,446:INFO:Compiling Metrics
2020-08-22 00:10:14,454:INFO:Initializing Fold 3
2020-08-22 00:10:14,462:INFO:Fitting Model
2020-08-22 00:10:14,466:INFO:Evaluating Metrics
2020-08-22 00:10:14,466:INFO:No inverse transformer found
2020-08-22 00:10:14,466:INFO:Compiling Metrics
2020-08-22 00:10:14,474:INFO:Initializing Fold 4
2020-08-22 00:10:14,482:INFO:Fitting Model
2020-08-22 00:10:14,486:INFO:Evaluating Metrics
2020-08-22 00:10:14,490:INFO:No inverse transformer found
2020-08-22 00:10:14,490:INFO:Compiling Metrics
2020-08-22 00:10:14,498:INFO:Initializing Fold 5
2020-08-22 00:10:14,506:INFO:Fitting Model
2020-08-22 00:10:14,510:INFO:Evaluating Metrics
2020-08-22 00:10:14,510:INFO:No inverse transformer found
2020-08-22 00:10:14,510:INFO:Compiling Metrics
2020-08-22 00:10:14,518:INFO:Initializing Fold 6
2020-08-22 00:10:14,526:INFO:Fitting Model
2020-08-22 00:10:14,530:INFO:Evaluating Metrics
2020-08-22 00:10:14,530:INFO:No inverse transformer found
2020-08-22 00:10:14,530:INFO:Compiling Metrics
2020-08-22 00:10:14,538:INFO:Initializing Fold 7
2020-08-22 00:10:14,546:INFO:Fitting Model
2020-08-22 00:10:14,550:INFO:Evaluating Metrics
2020-08-22 00:10:14,554:INFO:No inverse transformer found
2020-08-22 00:10:14,554:INFO:Compiling Metrics
2020-08-22 00:10:14,562:INFO:Initializing Fold 8
2020-08-22 00:10:14,570:INFO:Fitting Model
2020-08-22 00:10:14,574:INFO:Evaluating Metrics
2020-08-22 00:10:14,574:INFO:No inverse transformer found
2020-08-22 00:10:14,574:INFO:Compiling Metrics
2020-08-22 00:10:14,583:INFO:Initializing Fold 9
2020-08-22 00:10:14,591:INFO:Fitting Model
2020-08-22 00:10:14,595:INFO:Evaluating Metrics
2020-08-22 00:10:14,595:INFO:No inverse transformer found
2020-08-22 00:10:14,595:INFO:Compiling Metrics
2020-08-22 00:10:14,603:INFO:Initializing Fold 10
2020-08-22 00:10:14,611:INFO:Fitting Model
2020-08-22 00:10:14,615:INFO:Evaluating Metrics
2020-08-22 00:10:14,615:INFO:No inverse transformer found
2020-08-22 00:10:14,615:INFO:Compiling Metrics
2020-08-22 00:10:14,623:INFO:Calculating mean and std
2020-08-22 00:10:14,623:INFO:Creating metrics dataframe
2020-08-22 00:10:14,639:INFO:Initializing Least Angle Regression
2020-08-22 00:10:14,647:INFO:Initializing Fold 1
2020-08-22 00:10:14,655:INFO:Fitting Model
2020-08-22 00:10:14,663:INFO:Evaluating Metrics
2020-08-22 00:10:14,663:INFO:No inverse transformer found
2020-08-22 00:10:14,663:INFO:Compiling Metrics
2020-08-22 00:10:14,671:INFO:Initializing Fold 2
2020-08-22 00:10:14,679:INFO:Fitting Model
2020-08-22 00:10:14,691:INFO:Evaluating Metrics
2020-08-22 00:10:14,692:INFO:No inverse transformer found
2020-08-22 00:10:14,692:INFO:Compiling Metrics
2020-08-22 00:10:14,700:INFO:Initializing Fold 3
2020-08-22 00:10:14,708:INFO:Fitting Model
2020-08-22 00:10:14,716:INFO:Evaluating Metrics
2020-08-22 00:10:14,716:INFO:No inverse transformer found
2020-08-22 00:10:14,716:INFO:Compiling Metrics
2020-08-22 00:10:14,724:INFO:Initializing Fold 4
2020-08-22 00:10:14,732:INFO:Fitting Model
2020-08-22 00:10:14,740:INFO:Evaluating Metrics
2020-08-22 00:10:14,744:INFO:No inverse transformer found
2020-08-22 00:10:14,744:INFO:Compiling Metrics
2020-08-22 00:10:14,752:INFO:Initializing Fold 5
2020-08-22 00:10:14,760:INFO:Fitting Model
2020-08-22 00:10:14,768:INFO:Evaluating Metrics
2020-08-22 00:10:14,772:INFO:No inverse transformer found
2020-08-22 00:10:14,772:INFO:Compiling Metrics
2020-08-22 00:10:14,780:INFO:Initializing Fold 6
2020-08-22 00:10:14,788:INFO:Fitting Model
2020-08-22 00:10:14,796:INFO:Evaluating Metrics
2020-08-22 00:10:14,796:INFO:No inverse transformer found
2020-08-22 00:10:14,796:INFO:Compiling Metrics
2020-08-22 00:10:14,804:INFO:Initializing Fold 7
2020-08-22 00:10:14,812:INFO:Fitting Model
2020-08-22 00:10:14,820:INFO:Evaluating Metrics
2020-08-22 00:10:14,824:INFO:No inverse transformer found
2020-08-22 00:10:14,824:INFO:Compiling Metrics
2020-08-22 00:10:14,832:INFO:Initializing Fold 8
2020-08-22 00:10:14,840:INFO:Fitting Model
2020-08-22 00:10:14,848:INFO:Evaluating Metrics
2020-08-22 00:10:14,852:INFO:No inverse transformer found
2020-08-22 00:10:14,852:INFO:Compiling Metrics
2020-08-22 00:10:14,860:INFO:Initializing Fold 9
2020-08-22 00:10:14,868:INFO:Fitting Model
2020-08-22 00:10:14,876:INFO:Evaluating Metrics
2020-08-22 00:10:14,876:INFO:No inverse transformer found
2020-08-22 00:10:14,876:INFO:Compiling Metrics
2020-08-22 00:10:14,884:INFO:Initializing Fold 10
2020-08-22 00:10:14,893:INFO:Fitting Model
2020-08-22 00:10:14,901:INFO:Evaluating Metrics
2020-08-22 00:10:14,901:INFO:No inverse transformer found
2020-08-22 00:10:14,901:INFO:Compiling Metrics
2020-08-22 00:10:14,913:INFO:Calculating mean and std
2020-08-22 00:10:14,913:INFO:Creating metrics dataframe
2020-08-22 00:10:14,929:INFO:Initializing Lasso Least Angle Regression
2020-08-22 00:10:14,937:INFO:Initializing Fold 1
2020-08-22 00:10:14,945:INFO:Fitting Model
2020-08-22 00:10:14,945:INFO:Evaluating Metrics
2020-08-22 00:10:14,949:INFO:No inverse transformer found
2020-08-22 00:10:14,949:INFO:Compiling Metrics
2020-08-22 00:10:14,957:INFO:Initializing Fold 2
2020-08-22 00:10:14,965:INFO:Fitting Model
2020-08-22 00:10:14,969:INFO:Evaluating Metrics
2020-08-22 00:10:14,973:INFO:No inverse transformer found
2020-08-22 00:10:14,973:INFO:Compiling Metrics
2020-08-22 00:10:14,981:INFO:Initializing Fold 3
2020-08-22 00:10:14,985:INFO:Fitting Model
2020-08-22 00:10:14,989:INFO:Evaluating Metrics
2020-08-22 00:10:14,993:INFO:No inverse transformer found
2020-08-22 00:10:14,993:INFO:Compiling Metrics
2020-08-22 00:10:15,001:INFO:Initializing Fold 4
2020-08-22 00:10:15,009:INFO:Fitting Model
2020-08-22 00:10:15,013:INFO:Evaluating Metrics
2020-08-22 00:10:15,013:INFO:No inverse transformer found
2020-08-22 00:10:15,017:INFO:Compiling Metrics
2020-08-22 00:10:15,025:INFO:Initializing Fold 5
2020-08-22 00:10:15,033:INFO:Fitting Model
2020-08-22 00:10:15,037:INFO:Evaluating Metrics
2020-08-22 00:10:15,037:INFO:No inverse transformer found
2020-08-22 00:10:15,037:INFO:Compiling Metrics
2020-08-22 00:10:15,045:INFO:Initializing Fold 6
2020-08-22 00:10:15,053:INFO:Fitting Model
2020-08-22 00:10:15,057:INFO:Evaluating Metrics
2020-08-22 00:10:15,057:INFO:No inverse transformer found
2020-08-22 00:10:15,057:INFO:Compiling Metrics
2020-08-22 00:10:15,065:INFO:Initializing Fold 7
2020-08-22 00:10:15,073:INFO:Fitting Model
2020-08-22 00:10:15,077:INFO:Evaluating Metrics
2020-08-22 00:10:15,081:INFO:No inverse transformer found
2020-08-22 00:10:15,081:INFO:Compiling Metrics
2020-08-22 00:10:15,089:INFO:Initializing Fold 8
2020-08-22 00:10:15,097:INFO:Fitting Model
2020-08-22 00:10:15,101:INFO:Evaluating Metrics
2020-08-22 00:10:15,101:INFO:No inverse transformer found
2020-08-22 00:10:15,101:INFO:Compiling Metrics
2020-08-22 00:10:15,109:INFO:Initializing Fold 9
2020-08-22 00:10:15,117:INFO:Fitting Model
2020-08-22 00:10:15,121:INFO:Evaluating Metrics
2020-08-22 00:10:15,125:INFO:No inverse transformer found
2020-08-22 00:10:15,125:INFO:Compiling Metrics
2020-08-22 00:10:15,137:INFO:Initializing Fold 10
2020-08-22 00:10:15,145:INFO:Fitting Model
2020-08-22 00:10:15,149:INFO:Evaluating Metrics
2020-08-22 00:10:15,149:INFO:No inverse transformer found
2020-08-22 00:10:15,149:INFO:Compiling Metrics
2020-08-22 00:10:15,157:INFO:Calculating mean and std
2020-08-22 00:10:15,157:INFO:Creating metrics dataframe
2020-08-22 00:10:15,173:INFO:Initializing Orthogonal Matching Pursuit
2020-08-22 00:10:15,181:INFO:Initializing Fold 1
2020-08-22 00:10:15,189:INFO:Fitting Model
2020-08-22 00:10:15,193:INFO:Evaluating Metrics
2020-08-22 00:10:15,193:INFO:No inverse transformer found
2020-08-22 00:10:15,193:INFO:Compiling Metrics
2020-08-22 00:10:15,201:INFO:Initializing Fold 2
2020-08-22 00:10:15,209:INFO:Fitting Model
2020-08-22 00:10:15,213:INFO:Evaluating Metrics
2020-08-22 00:10:15,217:INFO:No inverse transformer found
2020-08-22 00:10:15,217:INFO:Compiling Metrics
2020-08-22 00:10:15,225:INFO:Initializing Fold 3
2020-08-22 00:10:15,233:INFO:Fitting Model
2020-08-22 00:10:15,237:INFO:Evaluating Metrics
2020-08-22 00:10:15,237:INFO:No inverse transformer found
2020-08-22 00:10:15,237:INFO:Compiling Metrics
2020-08-22 00:10:15,245:INFO:Initializing Fold 4
2020-08-22 00:10:15,254:INFO:Fitting Model
2020-08-22 00:10:15,256:INFO:Evaluating Metrics
2020-08-22 00:10:15,260:INFO:No inverse transformer found
2020-08-22 00:10:15,260:INFO:Compiling Metrics
2020-08-22 00:10:15,268:INFO:Initializing Fold 5
2020-08-22 00:10:15,276:INFO:Fitting Model
2020-08-22 00:10:15,276:INFO:Evaluating Metrics
2020-08-22 00:10:15,280:INFO:No inverse transformer found
2020-08-22 00:10:15,280:INFO:Compiling Metrics
2020-08-22 00:10:15,288:INFO:Initializing Fold 6
2020-08-22 00:10:15,296:INFO:Fitting Model
2020-08-22 00:10:15,300:INFO:Evaluating Metrics
2020-08-22 00:10:15,300:INFO:No inverse transformer found
2020-08-22 00:10:15,300:INFO:Compiling Metrics
2020-08-22 00:10:15,308:INFO:Initializing Fold 7
2020-08-22 00:10:15,316:INFO:Fitting Model
2020-08-22 00:10:15,320:INFO:Evaluating Metrics
2020-08-22 00:10:15,324:INFO:No inverse transformer found
2020-08-22 00:10:15,324:INFO:Compiling Metrics
2020-08-22 00:10:15,332:INFO:Initializing Fold 8
2020-08-22 00:10:15,336:INFO:Fitting Model
2020-08-22 00:10:15,340:INFO:Evaluating Metrics
2020-08-22 00:10:15,344:INFO:No inverse transformer found
2020-08-22 00:10:15,344:INFO:Compiling Metrics
2020-08-22 00:10:15,352:INFO:Initializing Fold 9
2020-08-22 00:10:15,360:INFO:Fitting Model
2020-08-22 00:10:15,364:INFO:Evaluating Metrics
2020-08-22 00:10:15,364:INFO:No inverse transformer found
2020-08-22 00:10:15,364:INFO:Compiling Metrics
2020-08-22 00:10:15,372:INFO:Initializing Fold 10
2020-08-22 00:10:15,380:INFO:Fitting Model
2020-08-22 00:10:15,384:INFO:Evaluating Metrics
2020-08-22 00:10:15,388:INFO:No inverse transformer found
2020-08-22 00:10:15,388:INFO:Compiling Metrics
2020-08-22 00:10:15,396:INFO:Calculating mean and std
2020-08-22 00:10:15,396:INFO:Creating metrics dataframe
2020-08-22 00:10:15,408:INFO:Initializing Bayesian Ridge
2020-08-22 00:10:15,416:INFO:Initializing Fold 1
2020-08-22 00:10:15,424:INFO:Fitting Model
2020-08-22 00:10:15,428:INFO:Evaluating Metrics
2020-08-22 00:10:15,432:INFO:No inverse transformer found
2020-08-22 00:10:15,432:INFO:Compiling Metrics
2020-08-22 00:10:15,440:INFO:Initializing Fold 2
2020-08-22 00:10:15,448:INFO:Fitting Model
2020-08-22 00:10:15,452:INFO:Evaluating Metrics
2020-08-22 00:10:15,456:INFO:No inverse transformer found
2020-08-22 00:10:15,456:INFO:Compiling Metrics
2020-08-22 00:10:15,464:INFO:Initializing Fold 3
2020-08-22 00:10:15,472:INFO:Fitting Model
2020-08-22 00:10:15,476:INFO:Evaluating Metrics
2020-08-22 00:10:15,476:INFO:No inverse transformer found
2020-08-22 00:10:15,476:INFO:Compiling Metrics
2020-08-22 00:10:15,488:INFO:Initializing Fold 4
2020-08-22 00:10:15,492:INFO:Fitting Model
2020-08-22 00:10:15,500:INFO:Evaluating Metrics
2020-08-22 00:10:15,500:INFO:No inverse transformer found
2020-08-22 00:10:15,500:INFO:Compiling Metrics
2020-08-22 00:10:15,512:INFO:Initializing Fold 5
2020-08-22 00:10:15,520:INFO:Fitting Model
2020-08-22 00:10:15,524:INFO:Evaluating Metrics
2020-08-22 00:10:15,524:INFO:No inverse transformer found
2020-08-22 00:10:15,524:INFO:Compiling Metrics
2020-08-22 00:10:15,532:INFO:Initializing Fold 6
2020-08-22 00:10:15,540:INFO:Fitting Model
2020-08-22 00:10:15,548:INFO:Evaluating Metrics
2020-08-22 00:10:15,548:INFO:No inverse transformer found
2020-08-22 00:10:15,548:INFO:Compiling Metrics
2020-08-22 00:10:15,556:INFO:Initializing Fold 7
2020-08-22 00:10:15,565:INFO:Fitting Model
2020-08-22 00:10:15,569:INFO:Evaluating Metrics
2020-08-22 00:10:15,573:INFO:No inverse transformer found
2020-08-22 00:10:15,573:INFO:Compiling Metrics
2020-08-22 00:10:15,579:INFO:Initializing Fold 8
2020-08-22 00:10:15,591:INFO:Fitting Model
2020-08-22 00:10:15,595:INFO:Evaluating Metrics
2020-08-22 00:10:15,595:INFO:No inverse transformer found
2020-08-22 00:10:15,595:INFO:Compiling Metrics
2020-08-22 00:10:15,603:INFO:Initializing Fold 9
2020-08-22 00:10:15,611:INFO:Fitting Model
2020-08-22 00:10:15,615:INFO:Evaluating Metrics
2020-08-22 00:10:15,619:INFO:No inverse transformer found
2020-08-22 00:10:15,619:INFO:Compiling Metrics
2020-08-22 00:10:15,627:INFO:Initializing Fold 10
2020-08-22 00:10:15,635:INFO:Fitting Model
2020-08-22 00:10:15,639:INFO:Evaluating Metrics
2020-08-22 00:10:15,639:INFO:No inverse transformer found
2020-08-22 00:10:15,639:INFO:Compiling Metrics
2020-08-22 00:10:15,647:INFO:Calculating mean and std
2020-08-22 00:10:15,647:INFO:Creating metrics dataframe
2020-08-22 00:10:15,663:INFO:Initializing Passive Aggressive Regressor
2020-08-22 00:10:15,667:INFO:Initializing Fold 1
2020-08-22 00:10:15,675:INFO:Fitting Model
2020-08-22 00:10:15,679:INFO:Evaluating Metrics
2020-08-22 00:10:15,683:INFO:No inverse transformer found
2020-08-22 00:10:15,683:INFO:Compiling Metrics
2020-08-22 00:10:15,687:INFO:Initializing Fold 2
2020-08-22 00:10:15,695:INFO:Fitting Model
2020-08-22 00:10:15,699:INFO:Evaluating Metrics
2020-08-22 00:10:15,703:INFO:No inverse transformer found
2020-08-22 00:10:15,703:INFO:Compiling Metrics
2020-08-22 00:10:15,707:INFO:Initializing Fold 3
2020-08-22 00:10:15,715:INFO:Fitting Model
2020-08-22 00:10:15,719:INFO:Evaluating Metrics
2020-08-22 00:10:15,719:INFO:No inverse transformer found
2020-08-22 00:10:15,719:INFO:Compiling Metrics
2020-08-22 00:10:15,727:INFO:Initializing Fold 4
2020-08-22 00:10:15,735:INFO:Fitting Model
2020-08-22 00:10:15,739:INFO:Evaluating Metrics
2020-08-22 00:10:15,743:INFO:No inverse transformer found
2020-08-22 00:10:15,743:INFO:Compiling Metrics
2020-08-22 00:10:15,747:INFO:Initializing Fold 5
2020-08-22 00:10:15,755:INFO:Fitting Model
2020-08-22 00:10:15,759:INFO:Evaluating Metrics
2020-08-22 00:10:15,759:INFO:No inverse transformer found
2020-08-22 00:10:15,759:INFO:Compiling Metrics
2020-08-22 00:10:15,767:INFO:Initializing Fold 6
2020-08-22 00:10:15,775:INFO:Fitting Model
2020-08-22 00:10:15,779:INFO:Evaluating Metrics
2020-08-22 00:10:15,779:INFO:No inverse transformer found
2020-08-22 00:10:15,779:INFO:Compiling Metrics
2020-08-22 00:10:15,787:INFO:Initializing Fold 7
2020-08-22 00:10:15,791:INFO:Fitting Model
2020-08-22 00:10:15,795:INFO:Evaluating Metrics
2020-08-22 00:10:15,799:INFO:No inverse transformer found
2020-08-22 00:10:15,799:INFO:Compiling Metrics
2020-08-22 00:10:15,807:INFO:Initializing Fold 8
2020-08-22 00:10:15,815:INFO:Fitting Model
2020-08-22 00:10:15,819:INFO:Evaluating Metrics
2020-08-22 00:10:15,819:INFO:No inverse transformer found
2020-08-22 00:10:15,823:INFO:Compiling Metrics
2020-08-22 00:10:15,827:INFO:Initializing Fold 9
2020-08-22 00:10:15,835:INFO:Fitting Model
2020-08-22 00:10:15,839:INFO:Evaluating Metrics
2020-08-22 00:10:15,839:INFO:No inverse transformer found
2020-08-22 00:10:15,839:INFO:Compiling Metrics
2020-08-22 00:10:15,847:INFO:Initializing Fold 10
2020-08-22 00:10:15,851:INFO:Fitting Model
2020-08-22 00:10:15,855:INFO:Evaluating Metrics
2020-08-22 00:10:15,859:INFO:No inverse transformer found
2020-08-22 00:10:15,859:INFO:Compiling Metrics
2020-08-22 00:10:15,863:INFO:Calculating mean and std
2020-08-22 00:10:15,863:INFO:Creating metrics dataframe
2020-08-22 00:10:15,879:INFO:Initializing Random Sample Consensus
2020-08-22 00:10:15,883:INFO:Initializing Fold 1
2020-08-22 00:10:15,891:INFO:Fitting Model
2020-08-22 00:10:15,962:INFO:Evaluating Metrics
2020-08-22 00:10:15,966:INFO:No inverse transformer found
2020-08-22 00:10:15,966:INFO:Compiling Metrics
2020-08-22 00:10:15,970:INFO:Initializing Fold 2
2020-08-22 00:10:15,978:INFO:Fitting Model
2020-08-22 00:10:16,054:INFO:Evaluating Metrics
2020-08-22 00:10:16,054:INFO:No inverse transformer found
2020-08-22 00:10:16,054:INFO:Compiling Metrics
2020-08-22 00:10:16,062:INFO:Initializing Fold 3
2020-08-22 00:10:16,070:INFO:Fitting Model
2020-08-22 00:10:16,142:INFO:Evaluating Metrics
2020-08-22 00:10:16,142:INFO:No inverse transformer found
2020-08-22 00:10:16,142:INFO:Compiling Metrics
2020-08-22 00:10:16,150:INFO:Initializing Fold 4
2020-08-22 00:10:16,154:INFO:Fitting Model
2020-08-22 00:10:16,234:INFO:Evaluating Metrics
2020-08-22 00:10:16,234:INFO:No inverse transformer found
2020-08-22 00:10:16,234:INFO:Compiling Metrics
2020-08-22 00:10:16,242:INFO:Initializing Fold 5
2020-08-22 00:10:16,250:INFO:Fitting Model
2020-08-22 00:10:16,326:INFO:Evaluating Metrics
2020-08-22 00:10:16,330:INFO:No inverse transformer found
2020-08-22 00:10:16,330:INFO:Compiling Metrics
2020-08-22 00:10:16,338:INFO:Initializing Fold 6
2020-08-22 00:10:16,346:INFO:Fitting Model
2020-08-22 00:10:16,422:INFO:Evaluating Metrics
2020-08-22 00:10:16,422:INFO:No inverse transformer found
2020-08-22 00:10:16,422:INFO:Compiling Metrics
2020-08-22 00:10:16,430:INFO:Initializing Fold 7
2020-08-22 00:10:16,438:INFO:Fitting Model
2020-08-22 00:10:16,510:INFO:Evaluating Metrics
2020-08-22 00:10:16,514:INFO:No inverse transformer found
2020-08-22 00:10:16,514:INFO:Compiling Metrics
2020-08-22 00:10:16,518:INFO:Initializing Fold 8
2020-08-22 00:10:16,526:INFO:Fitting Model
2020-08-22 00:10:16,599:INFO:Evaluating Metrics
2020-08-22 00:10:16,603:INFO:No inverse transformer found
2020-08-22 00:10:16,603:INFO:Compiling Metrics
2020-08-22 00:10:16,607:INFO:Initializing Fold 9
2020-08-22 00:10:16,615:INFO:Fitting Model
2020-08-22 00:10:16,687:INFO:Evaluating Metrics
2020-08-22 00:10:16,691:INFO:No inverse transformer found
2020-08-22 00:10:16,691:INFO:Compiling Metrics
2020-08-22 00:10:16,699:INFO:Initializing Fold 10
2020-08-22 00:10:16,703:INFO:Fitting Model
2020-08-22 00:10:16,778:INFO:Evaluating Metrics
2020-08-22 00:10:16,778:INFO:No inverse transformer found
2020-08-22 00:10:16,778:INFO:Compiling Metrics
2020-08-22 00:10:16,786:INFO:Calculating mean and std
2020-08-22 00:10:16,786:INFO:Creating metrics dataframe
2020-08-22 00:10:16,802:INFO:Initializing TheilSen Regressor
2020-08-22 00:10:16,806:INFO:Initializing Fold 1
2020-08-22 00:10:16,814:INFO:Fitting Model
2020-08-22 00:10:19,686:INFO:Evaluating Metrics
2020-08-22 00:10:19,690:INFO:No inverse transformer found
2020-08-22 00:10:19,690:INFO:Compiling Metrics
2020-08-22 00:10:19,698:INFO:Initializing Fold 2
2020-08-22 00:10:19,702:INFO:Fitting Model
2020-08-22 00:10:20,152:INFO:Evaluating Metrics
2020-08-22 00:10:20,156:INFO:No inverse transformer found
2020-08-22 00:10:20,156:INFO:Compiling Metrics
2020-08-22 00:10:20,160:INFO:Initializing Fold 3
2020-08-22 00:10:20,168:INFO:Fitting Model
2020-08-22 00:10:20,623:INFO:Evaluating Metrics
2020-08-22 00:10:20,623:INFO:No inverse transformer found
2020-08-22 00:10:20,623:INFO:Compiling Metrics
2020-08-22 00:10:20,631:INFO:Initializing Fold 4
2020-08-22 00:10:20,639:INFO:Fitting Model
2020-08-22 00:10:21,109:INFO:Evaluating Metrics
2020-08-22 00:10:21,111:INFO:No inverse transformer found
2020-08-22 00:10:21,111:INFO:Compiling Metrics
2020-08-22 00:10:21,118:INFO:Initializing Fold 5
2020-08-22 00:10:21,125:INFO:Fitting Model
2020-08-22 00:10:21,554:INFO:Evaluating Metrics
2020-08-22 00:10:21,558:INFO:No inverse transformer found
2020-08-22 00:10:21,558:INFO:Compiling Metrics
2020-08-22 00:10:21,562:INFO:Initializing Fold 6
2020-08-22 00:10:21,570:INFO:Fitting Model
2020-08-22 00:10:22,007:INFO:Evaluating Metrics
2020-08-22 00:10:22,007:INFO:No inverse transformer found
2020-08-22 00:10:22,007:INFO:Compiling Metrics
2020-08-22 00:10:22,015:INFO:Initializing Fold 7
2020-08-22 00:10:22,019:INFO:Fitting Model
2020-08-22 00:10:22,472:INFO:Evaluating Metrics
2020-08-22 00:10:22,472:INFO:No inverse transformer found
2020-08-22 00:10:22,472:INFO:Compiling Metrics
2020-08-22 00:10:22,480:INFO:Initializing Fold 8
2020-08-22 00:10:22,488:INFO:Fitting Model
2020-08-22 00:10:22,934:INFO:Evaluating Metrics
2020-08-22 00:10:22,938:INFO:No inverse transformer found
2020-08-22 00:10:22,938:INFO:Compiling Metrics
2020-08-22 00:10:22,942:INFO:Initializing Fold 9
2020-08-22 00:10:22,950:INFO:Fitting Model
2020-08-22 00:10:23,350:INFO:Evaluating Metrics
2020-08-22 00:10:23,350:INFO:No inverse transformer found
2020-08-22 00:10:23,350:INFO:Compiling Metrics
2020-08-22 00:10:23,358:INFO:Initializing Fold 10
2020-08-22 00:10:23,362:INFO:Fitting Model
2020-08-22 00:10:23,747:INFO:Evaluating Metrics
2020-08-22 00:10:23,747:INFO:No inverse transformer found
2020-08-22 00:10:23,747:INFO:Compiling Metrics
2020-08-22 00:10:23,751:INFO:Calculating mean and std
2020-08-22 00:10:23,751:INFO:Creating metrics dataframe
2020-08-22 00:10:23,763:INFO:Initializing Huber Regressor
2020-08-22 00:10:23,767:INFO:Initializing Fold 1
2020-08-22 00:10:23,771:INFO:Fitting Model
2020-08-22 00:10:23,783:INFO:Evaluating Metrics
2020-08-22 00:10:23,783:INFO:No inverse transformer found
2020-08-22 00:10:23,783:INFO:Compiling Metrics
2020-08-22 00:10:23,787:INFO:Initializing Fold 2
2020-08-22 00:10:23,795:INFO:Fitting Model
2020-08-22 00:10:23,803:INFO:Evaluating Metrics
2020-08-22 00:10:23,803:INFO:No inverse transformer found
2020-08-22 00:10:23,803:INFO:Compiling Metrics
2020-08-22 00:10:23,811:INFO:Initializing Fold 3
2020-08-22 00:10:23,815:INFO:Fitting Model
2020-08-22 00:10:23,823:INFO:Evaluating Metrics
2020-08-22 00:10:23,823:INFO:No inverse transformer found
2020-08-22 00:10:23,823:INFO:Compiling Metrics
2020-08-22 00:10:23,827:INFO:Initializing Fold 4
2020-08-22 00:10:23,835:INFO:Fitting Model
2020-08-22 00:10:23,847:INFO:Evaluating Metrics
2020-08-22 00:10:23,851:INFO:No inverse transformer found
2020-08-22 00:10:23,851:INFO:Compiling Metrics
2020-08-22 00:10:23,855:INFO:Initializing Fold 5
2020-08-22 00:10:23,859:INFO:Fitting Model
2020-08-22 00:10:23,867:INFO:Evaluating Metrics
2020-08-22 00:10:23,867:INFO:No inverse transformer found
2020-08-22 00:10:23,867:INFO:Compiling Metrics
2020-08-22 00:10:23,871:INFO:Initializing Fold 6
2020-08-22 00:10:23,879:INFO:Fitting Model
2020-08-22 00:10:23,883:INFO:Evaluating Metrics
2020-08-22 00:10:23,887:INFO:No inverse transformer found
2020-08-22 00:10:23,887:INFO:Compiling Metrics
2020-08-22 00:10:23,891:INFO:Initializing Fold 7
2020-08-22 00:10:23,895:INFO:Fitting Model
2020-08-22 00:10:23,903:INFO:Evaluating Metrics
2020-08-22 00:10:23,903:INFO:No inverse transformer found
2020-08-22 00:10:23,903:INFO:Compiling Metrics
2020-08-22 00:10:23,907:INFO:Initializing Fold 8
2020-08-22 00:10:23,915:INFO:Fitting Model
2020-08-22 00:10:23,919:INFO:Evaluating Metrics
2020-08-22 00:10:23,923:INFO:No inverse transformer found
2020-08-22 00:10:23,923:INFO:Compiling Metrics
2020-08-22 00:10:23,927:INFO:Initializing Fold 9
2020-08-22 00:10:23,931:INFO:Fitting Model
2020-08-22 00:10:23,939:INFO:Evaluating Metrics
2020-08-22 00:10:23,943:INFO:No inverse transformer found
2020-08-22 00:10:23,943:INFO:Compiling Metrics
2020-08-22 00:10:23,947:INFO:Initializing Fold 10
2020-08-22 00:10:23,951:INFO:Fitting Model
2020-08-22 00:10:23,959:INFO:Evaluating Metrics
2020-08-22 00:10:23,959:INFO:No inverse transformer found
2020-08-22 00:10:23,959:INFO:Compiling Metrics
2020-08-22 00:10:23,963:INFO:Calculating mean and std
2020-08-22 00:10:23,963:INFO:Creating metrics dataframe
2020-08-22 00:10:23,971:INFO:Initializing Support Vector Machine
2020-08-22 00:10:23,979:INFO:Initializing Fold 1
2020-08-22 00:10:23,983:INFO:Fitting Model
2020-08-22 00:10:23,983:INFO:Evaluating Metrics
2020-08-22 00:10:23,987:INFO:No inverse transformer found
2020-08-22 00:10:23,987:INFO:Compiling Metrics
2020-08-22 00:10:23,991:INFO:Initializing Fold 2
2020-08-22 00:10:23,995:INFO:Fitting Model
2020-08-22 00:10:23,999:INFO:Evaluating Metrics
2020-08-22 00:10:23,999:INFO:No inverse transformer found
2020-08-22 00:10:23,999:INFO:Compiling Metrics
2020-08-22 00:10:24,003:INFO:Initializing Fold 3
2020-08-22 00:10:24,011:INFO:Fitting Model
2020-08-22 00:10:24,011:INFO:Evaluating Metrics
2020-08-22 00:10:24,015:INFO:No inverse transformer found
2020-08-22 00:10:24,015:INFO:Compiling Metrics
2020-08-22 00:10:24,019:INFO:Initializing Fold 4
2020-08-22 00:10:24,023:INFO:Fitting Model
2020-08-22 00:10:24,027:INFO:Evaluating Metrics
2020-08-22 00:10:24,027:INFO:No inverse transformer found
2020-08-22 00:10:24,027:INFO:Compiling Metrics
2020-08-22 00:10:24,031:INFO:Initializing Fold 5
2020-08-22 00:10:24,035:INFO:Fitting Model
2020-08-22 00:10:24,039:INFO:Evaluating Metrics
2020-08-22 00:10:24,043:INFO:No inverse transformer found
2020-08-22 00:10:24,043:INFO:Compiling Metrics
2020-08-22 00:10:24,047:INFO:Initializing Fold 6
2020-08-22 00:10:24,051:INFO:Fitting Model
2020-08-22 00:10:24,055:INFO:Evaluating Metrics
2020-08-22 00:10:24,055:INFO:No inverse transformer found
2020-08-22 00:10:24,055:INFO:Compiling Metrics
2020-08-22 00:10:24,063:INFO:Initializing Fold 7
2020-08-22 00:10:24,067:INFO:Fitting Model
2020-08-22 00:10:24,071:INFO:Evaluating Metrics
2020-08-22 00:10:24,071:INFO:No inverse transformer found
2020-08-22 00:10:24,071:INFO:Compiling Metrics
2020-08-22 00:10:24,075:INFO:Initializing Fold 8
2020-08-22 00:10:24,083:INFO:Fitting Model
2020-08-22 00:10:24,083:INFO:Evaluating Metrics
2020-08-22 00:10:24,087:INFO:No inverse transformer found
2020-08-22 00:10:24,087:INFO:Compiling Metrics
2020-08-22 00:10:24,091:INFO:Initializing Fold 9
2020-08-22 00:10:24,095:INFO:Fitting Model
2020-08-22 00:10:24,099:INFO:Evaluating Metrics
2020-08-22 00:10:24,099:INFO:No inverse transformer found
2020-08-22 00:10:24,099:INFO:Compiling Metrics
2020-08-22 00:10:24,107:INFO:Initializing Fold 10
2020-08-22 00:10:24,111:INFO:Fitting Model
2020-08-22 00:10:24,115:INFO:Evaluating Metrics
2020-08-22 00:10:24,115:INFO:No inverse transformer found
2020-08-22 00:10:24,115:INFO:Compiling Metrics
2020-08-22 00:10:24,119:INFO:Calculating mean and std
2020-08-22 00:10:24,119:INFO:Creating metrics dataframe
2020-08-22 00:10:24,131:INFO:Initializing K Neighbors Regressor
2020-08-22 00:10:24,135:INFO:Initializing Fold 1
2020-08-22 00:10:24,139:INFO:Fitting Model
2020-08-22 00:10:24,143:INFO:Evaluating Metrics
2020-08-22 00:10:24,255:INFO:No inverse transformer found
2020-08-22 00:10:24,255:INFO:Compiling Metrics
2020-08-22 00:10:24,267:INFO:Initializing Fold 2
2020-08-22 00:10:24,271:INFO:Fitting Model
2020-08-22 00:10:24,275:INFO:Evaluating Metrics
2020-08-22 00:10:24,383:INFO:No inverse transformer found
2020-08-22 00:10:24,383:INFO:Compiling Metrics
2020-08-22 00:10:24,391:INFO:Initializing Fold 3
2020-08-22 00:10:24,399:INFO:Fitting Model
2020-08-22 00:10:24,403:INFO:Evaluating Metrics
2020-08-22 00:10:24,516:INFO:No inverse transformer found
2020-08-22 00:10:24,516:INFO:Compiling Metrics
2020-08-22 00:10:24,520:INFO:Initializing Fold 4
2020-08-22 00:10:24,528:INFO:Fitting Model
2020-08-22 00:10:24,528:INFO:Evaluating Metrics
2020-08-22 00:10:24,641:INFO:No inverse transformer found
2020-08-22 00:10:24,641:INFO:Compiling Metrics
2020-08-22 00:10:24,650:INFO:Initializing Fold 5
2020-08-22 00:10:24,654:INFO:Fitting Model
2020-08-22 00:10:24,658:INFO:Evaluating Metrics
2020-08-22 00:10:24,767:INFO:No inverse transformer found
2020-08-22 00:10:24,767:INFO:Compiling Metrics
2020-08-22 00:10:24,775:INFO:Initializing Fold 6
2020-08-22 00:10:24,787:INFO:Fitting Model
2020-08-22 00:10:24,787:INFO:Evaluating Metrics
2020-08-22 00:10:24,901:INFO:No inverse transformer found
2020-08-22 00:10:24,901:INFO:Compiling Metrics
2020-08-22 00:10:24,913:INFO:Initializing Fold 7
2020-08-22 00:10:24,920:INFO:Fitting Model
2020-08-22 00:10:24,920:INFO:Evaluating Metrics
2020-08-22 00:10:25,037:INFO:No inverse transformer found
2020-08-22 00:10:25,037:INFO:Compiling Metrics
2020-08-22 00:10:25,049:INFO:Initializing Fold 8
2020-08-22 00:10:25,057:INFO:Fitting Model
2020-08-22 00:10:25,061:INFO:Evaluating Metrics
2020-08-22 00:10:25,174:INFO:No inverse transformer found
2020-08-22 00:10:25,174:INFO:Compiling Metrics
2020-08-22 00:10:25,186:INFO:Initializing Fold 9
2020-08-22 00:10:25,194:INFO:Fitting Model
2020-08-22 00:10:25,202:INFO:Evaluating Metrics
2020-08-22 00:10:25,314:INFO:No inverse transformer found
2020-08-22 00:10:25,314:INFO:Compiling Metrics
2020-08-22 00:10:25,321:INFO:Initializing Fold 10
2020-08-22 00:10:25,329:INFO:Fitting Model
2020-08-22 00:10:25,333:INFO:Evaluating Metrics
2020-08-22 00:10:25,449:INFO:No inverse transformer found
2020-08-22 00:10:25,449:INFO:Compiling Metrics
2020-08-22 00:10:25,457:INFO:Calculating mean and std
2020-08-22 00:10:25,461:INFO:Creating metrics dataframe
2020-08-22 00:10:25,482:INFO:Initializing Decision Tree
2020-08-22 00:10:25,486:INFO:Initializing Fold 1
2020-08-22 00:10:25,494:INFO:Fitting Model
2020-08-22 00:10:25,498:INFO:Evaluating Metrics
2020-08-22 00:10:25,502:INFO:No inverse transformer found
2020-08-22 00:10:25,502:INFO:Compiling Metrics
2020-08-22 00:10:25,511:INFO:Initializing Fold 2
2020-08-22 00:10:25,518:INFO:Fitting Model
2020-08-22 00:10:25,522:INFO:Evaluating Metrics
2020-08-22 00:10:25,526:INFO:No inverse transformer found
2020-08-22 00:10:25,526:INFO:Compiling Metrics
2020-08-22 00:10:25,534:INFO:Initializing Fold 3
2020-08-22 00:10:25,542:INFO:Fitting Model
2020-08-22 00:10:25,546:INFO:Evaluating Metrics
2020-08-22 00:10:25,550:INFO:No inverse transformer found
2020-08-22 00:10:25,550:INFO:Compiling Metrics
2020-08-22 00:10:25,554:INFO:Initializing Fold 4
2020-08-22 00:10:25,562:INFO:Fitting Model
2020-08-22 00:10:25,566:INFO:Evaluating Metrics
2020-08-22 00:10:25,570:INFO:No inverse transformer found
2020-08-22 00:10:25,570:INFO:Compiling Metrics
2020-08-22 00:10:25,580:INFO:Initializing Fold 5
2020-08-22 00:10:25,588:INFO:Fitting Model
2020-08-22 00:10:25,592:INFO:Evaluating Metrics
2020-08-22 00:10:25,592:INFO:No inverse transformer found
2020-08-22 00:10:25,592:INFO:Compiling Metrics
2020-08-22 00:10:25,600:INFO:Initializing Fold 6
2020-08-22 00:10:25,608:INFO:Fitting Model
2020-08-22 00:10:25,612:INFO:Evaluating Metrics
2020-08-22 00:10:25,616:INFO:No inverse transformer found
2020-08-22 00:10:25,616:INFO:Compiling Metrics
2020-08-22 00:10:25,624:INFO:Initializing Fold 7
2020-08-22 00:10:25,632:INFO:Fitting Model
2020-08-22 00:10:25,636:INFO:Evaluating Metrics
2020-08-22 00:10:25,636:INFO:No inverse transformer found
2020-08-22 00:10:25,636:INFO:Compiling Metrics
2020-08-22 00:10:25,644:INFO:Initializing Fold 8
2020-08-22 00:10:25,652:INFO:Fitting Model
2020-08-22 00:10:25,656:INFO:Evaluating Metrics
2020-08-22 00:10:25,660:INFO:No inverse transformer found
2020-08-22 00:10:25,660:INFO:Compiling Metrics
2020-08-22 00:10:25,668:INFO:Initializing Fold 9
2020-08-22 00:10:25,676:INFO:Fitting Model
2020-08-22 00:10:25,680:INFO:Evaluating Metrics
2020-08-22 00:10:25,684:INFO:No inverse transformer found
2020-08-22 00:10:25,684:INFO:Compiling Metrics
2020-08-22 00:10:25,688:INFO:Initializing Fold 10
2020-08-22 00:10:25,696:INFO:Fitting Model
2020-08-22 00:10:25,700:INFO:Evaluating Metrics
2020-08-22 00:10:25,704:INFO:No inverse transformer found
2020-08-22 00:10:25,704:INFO:Compiling Metrics
2020-08-22 00:10:25,712:INFO:Calculating mean and std
2020-08-22 00:10:25,712:INFO:Creating metrics dataframe
2020-08-22 00:10:25,728:INFO:Initializing Random Forest
2020-08-22 00:10:25,736:INFO:Initializing Fold 1
2020-08-22 00:10:25,744:INFO:Fitting Model
2020-08-22 00:10:26,003:INFO:Evaluating Metrics
2020-08-22 00:10:26,119:INFO:No inverse transformer found
2020-08-22 00:10:26,119:INFO:Compiling Metrics
2020-08-22 00:10:26,131:INFO:Initializing Fold 2
2020-08-22 00:10:26,139:INFO:Fitting Model
2020-08-22 00:10:26,401:INFO:Evaluating Metrics
2020-08-22 00:10:26,519:INFO:No inverse transformer found
2020-08-22 00:10:26,519:INFO:Compiling Metrics
2020-08-22 00:10:26,531:INFO:Initializing Fold 3
2020-08-22 00:10:26,539:INFO:Fitting Model
2020-08-22 00:10:26,800:INFO:Evaluating Metrics
2020-08-22 00:10:26,916:INFO:No inverse transformer found
2020-08-22 00:10:26,916:INFO:Compiling Metrics
2020-08-22 00:10:26,928:INFO:Initializing Fold 4
2020-08-22 00:10:26,940:INFO:Fitting Model
2020-08-22 00:10:27,204:INFO:Evaluating Metrics
2020-08-22 00:10:27,320:INFO:No inverse transformer found
2020-08-22 00:10:27,320:INFO:Compiling Metrics
2020-08-22 00:10:27,332:INFO:Initializing Fold 5
2020-08-22 00:10:27,344:INFO:Fitting Model
2020-08-22 00:10:27,610:INFO:Evaluating Metrics
2020-08-22 00:10:27,724:INFO:No inverse transformer found
2020-08-22 00:10:27,724:INFO:Compiling Metrics
2020-08-22 00:10:27,732:INFO:Initializing Fold 6
2020-08-22 00:10:27,740:INFO:Fitting Model
2020-08-22 00:10:28,009:INFO:Evaluating Metrics
2020-08-22 00:10:28,121:INFO:No inverse transformer found
2020-08-22 00:10:28,121:INFO:Compiling Metrics
2020-08-22 00:10:28,132:INFO:Initializing Fold 7
2020-08-22 00:10:28,140:INFO:Fitting Model
2020-08-22 00:10:28,401:INFO:Evaluating Metrics
2020-08-22 00:10:28,513:INFO:No inverse transformer found
2020-08-22 00:10:28,513:INFO:Compiling Metrics
2020-08-22 00:10:28,521:INFO:Initializing Fold 8
2020-08-22 00:10:28,529:INFO:Fitting Model
2020-08-22 00:10:28,794:INFO:Evaluating Metrics
2020-08-22 00:10:28,910:INFO:No inverse transformer found
2020-08-22 00:10:28,910:INFO:Compiling Metrics
2020-08-22 00:10:28,922:INFO:Initializing Fold 9
2020-08-22 00:10:28,934:INFO:Fitting Model
2020-08-22 00:10:29,198:INFO:Evaluating Metrics
2020-08-22 00:10:29,314:INFO:No inverse transformer found
2020-08-22 00:10:29,314:INFO:Compiling Metrics
2020-08-22 00:10:29,326:INFO:Initializing Fold 10
2020-08-22 00:10:29,334:INFO:Fitting Model
2020-08-22 00:10:29,593:INFO:Evaluating Metrics
2020-08-22 00:10:29,709:INFO:No inverse transformer found
2020-08-22 00:10:29,709:INFO:Compiling Metrics
2020-08-22 00:10:29,721:INFO:Calculating mean and std
2020-08-22 00:10:29,721:INFO:Creating metrics dataframe
2020-08-22 00:10:29,737:INFO:Initializing Extra Trees Regressor
2020-08-22 00:10:29,745:INFO:Initializing Fold 1
2020-08-22 00:10:29,753:INFO:Fitting Model
2020-08-22 00:10:29,909:INFO:Evaluating Metrics
2020-08-22 00:10:30,022:INFO:No inverse transformer found
2020-08-22 00:10:30,022:INFO:Compiling Metrics
2020-08-22 00:10:30,034:INFO:Initializing Fold 2
2020-08-22 00:10:30,042:INFO:Fitting Model
2020-08-22 00:10:30,206:INFO:Evaluating Metrics
2020-08-22 00:10:30,317:INFO:No inverse transformer found
2020-08-22 00:10:30,317:INFO:Compiling Metrics
2020-08-22 00:10:30,329:INFO:Initializing Fold 3
2020-08-22 00:10:30,337:INFO:Fitting Model
2020-08-22 00:10:30,501:INFO:Evaluating Metrics
2020-08-22 00:10:30,616:INFO:No inverse transformer found
2020-08-22 00:10:30,616:INFO:Compiling Metrics
2020-08-22 00:10:30,628:INFO:Initializing Fold 4
2020-08-22 00:10:30,636:INFO:Fitting Model
2020-08-22 00:10:30,792:INFO:Evaluating Metrics
2020-08-22 00:10:30,905:INFO:No inverse transformer found
2020-08-22 00:10:30,905:INFO:Compiling Metrics
2020-08-22 00:10:30,912:INFO:Initializing Fold 5
2020-08-22 00:10:30,920:INFO:Fitting Model
2020-08-22 00:10:31,083:INFO:Evaluating Metrics
2020-08-22 00:10:31,196:INFO:No inverse transformer found
2020-08-22 00:10:31,196:INFO:Compiling Metrics
2020-08-22 00:10:31,208:INFO:Initializing Fold 6
2020-08-22 00:10:31,216:INFO:Fitting Model
2020-08-22 00:10:31,372:INFO:Evaluating Metrics
2020-08-22 00:10:31,484:INFO:No inverse transformer found
2020-08-22 00:10:31,484:INFO:Compiling Metrics
2020-08-22 00:10:31,492:INFO:Initializing Fold 7
2020-08-22 00:10:31,500:INFO:Fitting Model
2020-08-22 00:10:31,668:INFO:Evaluating Metrics
2020-08-22 00:10:31,781:INFO:No inverse transformer found
2020-08-22 00:10:31,781:INFO:Compiling Metrics
2020-08-22 00:10:31,792:INFO:Initializing Fold 8
2020-08-22 00:10:31,800:INFO:Fitting Model
2020-08-22 00:10:31,962:INFO:Evaluating Metrics
2020-08-22 00:10:32,074:INFO:No inverse transformer found
2020-08-22 00:10:32,074:INFO:Compiling Metrics
2020-08-22 00:10:32,086:INFO:Initializing Fold 9
2020-08-22 00:10:32,098:INFO:Fitting Model
2020-08-22 00:10:32,258:INFO:Evaluating Metrics
2020-08-22 00:10:32,370:INFO:No inverse transformer found
2020-08-22 00:10:32,370:INFO:Compiling Metrics
2020-08-22 00:10:32,378:INFO:Initializing Fold 10
2020-08-22 00:10:32,386:INFO:Fitting Model
2020-08-22 00:10:32,542:INFO:Evaluating Metrics
2020-08-22 00:10:32,656:INFO:No inverse transformer found
2020-08-22 00:10:32,656:INFO:Compiling Metrics
2020-08-22 00:10:32,668:INFO:Calculating mean and std
2020-08-22 00:10:32,668:INFO:Creating metrics dataframe
2020-08-22 00:10:32,688:INFO:Initializing AdaBoost Regressor
2020-08-22 00:10:32,696:INFO:Initializing Fold 1
2020-08-22 00:10:32,704:INFO:Fitting Model
2020-08-22 00:10:32,780:INFO:Evaluating Metrics
2020-08-22 00:10:32,784:INFO:No inverse transformer found
2020-08-22 00:10:32,784:INFO:Compiling Metrics
2020-08-22 00:10:32,792:INFO:Initializing Fold 2
2020-08-22 00:10:32,800:INFO:Fitting Model
2020-08-22 00:10:32,876:INFO:Evaluating Metrics
2020-08-22 00:10:32,880:INFO:No inverse transformer found
2020-08-22 00:10:32,884:INFO:Compiling Metrics
2020-08-22 00:10:32,888:INFO:Initializing Fold 3
2020-08-22 00:10:32,896:INFO:Fitting Model
2020-08-22 00:10:32,972:INFO:Evaluating Metrics
2020-08-22 00:10:32,980:INFO:No inverse transformer found
2020-08-22 00:10:32,980:INFO:Compiling Metrics
2020-08-22 00:10:32,988:INFO:Initializing Fold 4
2020-08-22 00:10:32,992:INFO:Fitting Model
2020-08-22 00:10:33,072:INFO:Evaluating Metrics
2020-08-22 00:10:33,076:INFO:No inverse transformer found
2020-08-22 00:10:33,076:INFO:Compiling Metrics
2020-08-22 00:10:33,083:INFO:Initializing Fold 5
2020-08-22 00:10:33,091:INFO:Fitting Model
2020-08-22 00:10:33,167:INFO:Evaluating Metrics
2020-08-22 00:10:33,175:INFO:No inverse transformer found
2020-08-22 00:10:33,175:INFO:Compiling Metrics
2020-08-22 00:10:33,184:INFO:Initializing Fold 6
2020-08-22 00:10:33,191:INFO:Fitting Model
2020-08-22 00:10:33,267:INFO:Evaluating Metrics
2020-08-22 00:10:33,271:INFO:No inverse transformer found
2020-08-22 00:10:33,271:INFO:Compiling Metrics
2020-08-22 00:10:33,279:INFO:Initializing Fold 7
2020-08-22 00:10:33,285:INFO:Fitting Model
2020-08-22 00:10:33,365:INFO:Evaluating Metrics
2020-08-22 00:10:33,373:INFO:No inverse transformer found
2020-08-22 00:10:33,373:INFO:Compiling Metrics
2020-08-22 00:10:33,381:INFO:Initializing Fold 8
2020-08-22 00:10:33,385:INFO:Fitting Model
2020-08-22 00:10:33,473:INFO:Evaluating Metrics
2020-08-22 00:10:33,481:INFO:No inverse transformer found
2020-08-22 00:10:33,481:INFO:Compiling Metrics
2020-08-22 00:10:33,489:INFO:Initializing Fold 9
2020-08-22 00:10:33,497:INFO:Fitting Model
2020-08-22 00:10:33,573:INFO:Evaluating Metrics
2020-08-22 00:10:33,578:INFO:No inverse transformer found
2020-08-22 00:10:33,578:INFO:Compiling Metrics
2020-08-22 00:10:33,586:INFO:Initializing Fold 10
2020-08-22 00:10:33,594:INFO:Fitting Model
2020-08-22 00:10:33,670:INFO:Evaluating Metrics
2020-08-22 00:10:33,674:INFO:No inverse transformer found
2020-08-22 00:10:33,674:INFO:Compiling Metrics
2020-08-22 00:10:33,682:INFO:Calculating mean and std
2020-08-22 00:10:33,682:INFO:Creating metrics dataframe
2020-08-22 00:10:33,698:INFO:Initializing Gradient Boosting Regressor
2020-08-22 00:10:33,706:INFO:Initializing Fold 1
2020-08-22 00:10:33,714:INFO:Fitting Model
2020-08-22 00:10:33,758:INFO:Evaluating Metrics
2020-08-22 00:10:33,762:INFO:No inverse transformer found
2020-08-22 00:10:33,762:INFO:Compiling Metrics
2020-08-22 00:10:33,770:INFO:Initializing Fold 2
2020-08-22 00:10:33,778:INFO:Fitting Model
2020-08-22 00:10:33,822:INFO:Evaluating Metrics
2020-08-22 00:10:33,822:INFO:No inverse transformer found
2020-08-22 00:10:33,822:INFO:Compiling Metrics
2020-08-22 00:10:33,830:INFO:Initializing Fold 3
2020-08-22 00:10:33,838:INFO:Fitting Model
2020-08-22 00:10:33,882:INFO:Evaluating Metrics
2020-08-22 00:10:33,886:INFO:No inverse transformer found
2020-08-22 00:10:33,886:INFO:Compiling Metrics
2020-08-22 00:10:33,890:INFO:Initializing Fold 4
2020-08-22 00:10:33,898:INFO:Fitting Model
2020-08-22 00:10:33,943:INFO:Evaluating Metrics
2020-08-22 00:10:33,943:INFO:No inverse transformer found
2020-08-22 00:10:33,943:INFO:Compiling Metrics
2020-08-22 00:10:33,950:INFO:Initializing Fold 5
2020-08-22 00:10:33,958:INFO:Fitting Model
2020-08-22 00:10:34,002:INFO:Evaluating Metrics
2020-08-22 00:10:34,006:INFO:No inverse transformer found
2020-08-22 00:10:34,006:INFO:Compiling Metrics
2020-08-22 00:10:34,014:INFO:Initializing Fold 6
2020-08-22 00:10:34,018:INFO:Fitting Model
2020-08-22 00:10:34,062:INFO:Evaluating Metrics
2020-08-22 00:10:34,066:INFO:No inverse transformer found
2020-08-22 00:10:34,066:INFO:Compiling Metrics
2020-08-22 00:10:34,074:INFO:Initializing Fold 7
2020-08-22 00:10:34,078:INFO:Fitting Model
2020-08-22 00:10:34,122:INFO:Evaluating Metrics
2020-08-22 00:10:34,126:INFO:No inverse transformer found
2020-08-22 00:10:34,126:INFO:Compiling Metrics
2020-08-22 00:10:34,130:INFO:Initializing Fold 8
2020-08-22 00:10:34,138:INFO:Fitting Model
2020-08-22 00:10:34,182:INFO:Evaluating Metrics
2020-08-22 00:10:34,186:INFO:No inverse transformer found
2020-08-22 00:10:34,186:INFO:Compiling Metrics
2020-08-22 00:10:34,190:INFO:Initializing Fold 9
2020-08-22 00:10:34,198:INFO:Fitting Model
2020-08-22 00:10:34,242:INFO:Evaluating Metrics
2020-08-22 00:10:34,246:INFO:No inverse transformer found
2020-08-22 00:10:34,246:INFO:Compiling Metrics
2020-08-22 00:10:34,254:INFO:Initializing Fold 10
2020-08-22 00:10:34,258:INFO:Fitting Model
2020-08-22 00:10:34,306:INFO:Evaluating Metrics
2020-08-22 00:10:34,306:INFO:No inverse transformer found
2020-08-22 00:10:34,306:INFO:Compiling Metrics
2020-08-22 00:10:34,314:INFO:Calculating mean and std
2020-08-22 00:10:34,314:INFO:Creating metrics dataframe
2020-08-22 00:10:34,330:INFO:Initializing Extreme Gradient Boosting
2020-08-22 00:10:34,338:INFO:Initializing Fold 1
2020-08-22 00:10:34,342:INFO:Fitting Model
2020-08-22 00:10:34,426:INFO:Evaluating Metrics
2020-08-22 00:10:34,430:INFO:No inverse transformer found
2020-08-22 00:10:34,430:INFO:Compiling Metrics
2020-08-22 00:10:34,438:INFO:Initializing Fold 2
2020-08-22 00:10:34,444:INFO:Fitting Model
2020-08-22 00:10:34,484:INFO:Evaluating Metrics
2020-08-22 00:10:34,484:INFO:No inverse transformer found
2020-08-22 00:10:34,484:INFO:Compiling Metrics
2020-08-22 00:10:34,492:INFO:Initializing Fold 3
2020-08-22 00:10:34,500:INFO:Fitting Model
2020-08-22 00:10:34,540:INFO:Evaluating Metrics
2020-08-22 00:10:34,540:INFO:No inverse transformer found
2020-08-22 00:10:34,544:INFO:Compiling Metrics
2020-08-22 00:10:34,548:INFO:Initializing Fold 4
2020-08-22 00:10:34,556:INFO:Fitting Model
2020-08-22 00:10:34,597:INFO:Evaluating Metrics
2020-08-22 00:10:34,597:INFO:No inverse transformer found
2020-08-22 00:10:34,597:INFO:Compiling Metrics
2020-08-22 00:10:34,605:INFO:Initializing Fold 5
2020-08-22 00:10:34,613:INFO:Fitting Model
2020-08-22 00:10:34,650:INFO:Evaluating Metrics
2020-08-22 00:10:34,654:INFO:No inverse transformer found
2020-08-22 00:10:34,654:INFO:Compiling Metrics
2020-08-22 00:10:34,662:INFO:Initializing Fold 6
2020-08-22 00:10:34,670:INFO:Fitting Model
2020-08-22 00:10:34,706:INFO:Evaluating Metrics
2020-08-22 00:10:34,710:INFO:No inverse transformer found
2020-08-22 00:10:34,710:INFO:Compiling Metrics
2020-08-22 00:10:34,718:INFO:Initializing Fold 7
2020-08-22 00:10:34,726:INFO:Fitting Model
2020-08-22 00:10:34,762:INFO:Evaluating Metrics
2020-08-22 00:10:34,766:INFO:No inverse transformer found
2020-08-22 00:10:34,766:INFO:Compiling Metrics
2020-08-22 00:10:34,774:INFO:Initializing Fold 8
2020-08-22 00:10:34,778:INFO:Fitting Model
2020-08-22 00:10:34,818:INFO:Evaluating Metrics
2020-08-22 00:10:34,818:INFO:No inverse transformer found
2020-08-22 00:10:34,818:INFO:Compiling Metrics
2020-08-22 00:10:34,826:INFO:Initializing Fold 9
2020-08-22 00:10:34,834:INFO:Fitting Model
2020-08-22 00:10:34,874:INFO:Evaluating Metrics
2020-08-22 00:10:34,874:INFO:No inverse transformer found
2020-08-22 00:10:34,874:INFO:Compiling Metrics
2020-08-22 00:10:34,882:INFO:Initializing Fold 10
2020-08-22 00:10:34,890:INFO:Fitting Model
2020-08-22 00:10:34,930:INFO:Evaluating Metrics
2020-08-22 00:10:34,930:INFO:No inverse transformer found
2020-08-22 00:10:34,930:INFO:Compiling Metrics
2020-08-22 00:10:34,938:INFO:Calculating mean and std
2020-08-22 00:10:34,938:INFO:Creating metrics dataframe
2020-08-22 00:10:34,962:INFO:Initializing Light Gradient Boosting Machine
2020-08-22 00:10:34,966:INFO:Initializing Fold 1
2020-08-22 00:10:34,974:INFO:Fitting Model
2020-08-22 00:10:35,006:INFO:Evaluating Metrics
2020-08-22 00:10:35,010:INFO:No inverse transformer found
2020-08-22 00:10:35,010:INFO:Compiling Metrics
2020-08-22 00:10:35,018:INFO:Initializing Fold 2
2020-08-22 00:10:35,026:INFO:Fitting Model
2020-08-22 00:10:35,054:INFO:Evaluating Metrics
2020-08-22 00:10:35,054:INFO:No inverse transformer found
2020-08-22 00:10:35,054:INFO:Compiling Metrics
2020-08-22 00:10:35,062:INFO:Initializing Fold 3
2020-08-22 00:10:35,070:INFO:Fitting Model
2020-08-22 00:10:35,098:INFO:Evaluating Metrics
2020-08-22 00:10:35,102:INFO:No inverse transformer found
2020-08-22 00:10:35,102:INFO:Compiling Metrics
2020-08-22 00:10:35,110:INFO:Initializing Fold 4
2020-08-22 00:10:35,118:INFO:Fitting Model
2020-08-22 00:10:35,146:INFO:Evaluating Metrics
2020-08-22 00:10:35,146:INFO:No inverse transformer found
2020-08-22 00:10:35,150:INFO:Compiling Metrics
2020-08-22 00:10:35,158:INFO:Initializing Fold 5
2020-08-22 00:10:35,162:INFO:Fitting Model
2020-08-22 00:10:35,190:INFO:Evaluating Metrics
2020-08-22 00:10:35,194:INFO:No inverse transformer found
2020-08-22 00:10:35,194:INFO:Compiling Metrics
2020-08-22 00:10:35,202:INFO:Initializing Fold 6
2020-08-22 00:10:35,210:INFO:Fitting Model
2020-08-22 00:10:35,238:INFO:Evaluating Metrics
2020-08-22 00:10:35,238:INFO:No inverse transformer found
2020-08-22 00:10:35,238:INFO:Compiling Metrics
2020-08-22 00:10:35,246:INFO:Initializing Fold 7
2020-08-22 00:10:35,254:INFO:Fitting Model
2020-08-22 00:10:35,285:INFO:Evaluating Metrics
2020-08-22 00:10:35,285:INFO:No inverse transformer found
2020-08-22 00:10:35,285:INFO:Compiling Metrics
2020-08-22 00:10:35,293:INFO:Initializing Fold 8
2020-08-22 00:10:35,301:INFO:Fitting Model
2020-08-22 00:10:35,329:INFO:Evaluating Metrics
2020-08-22 00:10:35,333:INFO:No inverse transformer found
2020-08-22 00:10:35,333:INFO:Compiling Metrics
2020-08-22 00:10:35,341:INFO:Initializing Fold 9
2020-08-22 00:10:35,345:INFO:Fitting Model
2020-08-22 00:10:35,377:INFO:Evaluating Metrics
2020-08-22 00:10:35,381:INFO:No inverse transformer found
2020-08-22 00:10:35,381:INFO:Compiling Metrics
2020-08-22 00:10:35,389:INFO:Initializing Fold 10
2020-08-22 00:10:35,397:INFO:Fitting Model
2020-08-22 00:10:35,423:INFO:Evaluating Metrics
2020-08-22 00:10:35,427:INFO:No inverse transformer found
2020-08-22 00:10:35,427:INFO:Compiling Metrics
2020-08-22 00:10:35,435:INFO:Calculating mean and std
2020-08-22 00:10:35,435:INFO:Creating metrics dataframe
2020-08-22 00:10:35,459:INFO:Initializing CatBoost Regressor
2020-08-22 00:10:35,463:INFO:Initializing Fold 1
2020-08-22 00:10:35,471:INFO:Fitting Model
2020-08-22 00:10:36,674:INFO:Evaluating Metrics
2020-08-22 00:10:36,682:INFO:No inverse transformer found
2020-08-22 00:10:36,682:INFO:Compiling Metrics
2020-08-22 00:10:36,686:INFO:Initializing Fold 2
2020-08-22 00:10:36,694:INFO:Fitting Model
2020-08-22 00:10:37,801:INFO:Evaluating Metrics
2020-08-22 00:10:37,802:INFO:No inverse transformer found
2020-08-22 00:10:37,806:INFO:Compiling Metrics
2020-08-22 00:10:37,810:INFO:Initializing Fold 3
2020-08-22 00:10:37,818:INFO:Fitting Model
2020-08-22 00:10:38,925:INFO:Evaluating Metrics
2020-08-22 00:10:38,929:INFO:No inverse transformer found
2020-08-22 00:10:38,929:INFO:Compiling Metrics
2020-08-22 00:10:38,933:INFO:Initializing Fold 4
2020-08-22 00:10:38,941:INFO:Fitting Model
2020-08-22 00:10:40,032:INFO:Evaluating Metrics
2020-08-22 00:10:40,036:INFO:No inverse transformer found
2020-08-22 00:10:40,036:INFO:Compiling Metrics
2020-08-22 00:10:40,044:INFO:Initializing Fold 5
2020-08-22 00:10:40,052:INFO:Fitting Model
2020-08-22 00:10:41,153:INFO:Evaluating Metrics
2020-08-22 00:10:41,154:INFO:No inverse transformer found
2020-08-22 00:10:41,154:INFO:Compiling Metrics
2020-08-22 00:10:41,162:INFO:Initializing Fold 6
2020-08-22 00:10:41,170:INFO:Fitting Model
2020-08-22 00:10:42,022:INFO:Evaluating Metrics
2020-08-22 00:10:42,026:INFO:No inverse transformer found
2020-08-22 00:10:42,026:INFO:Compiling Metrics
2020-08-22 00:10:42,030:INFO:Initializing Fold 7
2020-08-22 00:10:42,038:INFO:Fitting Model
2020-08-22 00:10:42,849:INFO:Evaluating Metrics
2020-08-22 00:10:42,851:INFO:No inverse transformer found
2020-08-22 00:10:42,851:INFO:Compiling Metrics
2020-08-22 00:10:42,855:INFO:Initializing Fold 8
2020-08-22 00:10:42,859:INFO:Fitting Model
2020-08-22 00:10:43,713:INFO:Evaluating Metrics
2020-08-22 00:10:43,717:INFO:No inverse transformer found
2020-08-22 00:10:43,717:INFO:Compiling Metrics
2020-08-22 00:10:43,721:INFO:Initializing Fold 9
2020-08-22 00:10:43,725:INFO:Fitting Model
2020-08-22 00:10:44,572:INFO:Evaluating Metrics
2020-08-22 00:10:44,575:INFO:No inverse transformer found
2020-08-22 00:10:44,575:INFO:Compiling Metrics
2020-08-22 00:10:44,580:INFO:Initializing Fold 10
2020-08-22 00:10:44,584:INFO:Fitting Model
2020-08-22 00:10:45,394:INFO:Evaluating Metrics
2020-08-22 00:10:45,397:INFO:No inverse transformer found
2020-08-22 00:10:45,397:INFO:Compiling Metrics
2020-08-22 00:10:45,401:INFO:Calculating mean and std
2020-08-22 00:10:45,405:INFO:Creating metrics dataframe
2020-08-22 00:10:45,421:INFO:Finalizing top_n models
2020-08-22 00:10:45,421:INFO:SubProcess create_model() called ==================================
2020-08-22 00:10:45,425:INFO:Initializing create_model()
2020-08-22 00:10:45,425:INFO:create_model(estimator=catboost, ensemble=False, method=None, fold=10, round=4, cross_validation=True, verbose=False, system=False)
2020-08-22 00:10:45,425:INFO:Checking exceptions
2020-08-22 00:10:45,425:INFO:Preloading libraries
2020-08-22 00:10:45,425:INFO:Preparing display monitor
2020-08-22 00:10:45,429:INFO:Copying training dataset
2020-08-22 00:10:45,429:INFO:Importing libraries
2020-08-22 00:10:45,429:INFO:Defining folds
2020-08-22 00:10:45,429:INFO:Declaring metric variables
2020-08-22 00:10:45,429:INFO:CatBoost Regressor Imported succesfully
2020-08-22 00:10:45,433:INFO:Checking ensemble method
2020-08-22 00:10:45,433:INFO:Initializing Fold 1
2020-08-22 00:10:45,433:INFO:Fitting Model
2020-08-22 00:10:46,237:INFO:Evaluating Metrics
2020-08-22 00:10:46,241:INFO:No inverse transformation
2020-08-22 00:10:46,241:INFO:Compiling Metrics
2020-08-22 00:10:46,245:INFO:Initializing Fold 2
2020-08-22 00:10:46,245:INFO:Fitting Model
2020-08-22 00:10:47,045:INFO:Evaluating Metrics
2020-08-22 00:10:47,048:INFO:No inverse transformation
2020-08-22 00:10:47,048:INFO:Compiling Metrics
2020-08-22 00:10:47,052:INFO:Initializing Fold 3
2020-08-22 00:10:47,052:INFO:Fitting Model
2020-08-22 00:10:47,935:INFO:Evaluating Metrics
2020-08-22 00:10:47,938:INFO:No inverse transformation
2020-08-22 00:10:47,938:INFO:Compiling Metrics
2020-08-22 00:10:47,942:INFO:Initializing Fold 4
2020-08-22 00:10:47,942:INFO:Fitting Model
2020-08-22 00:10:48,702:INFO:Evaluating Metrics
2020-08-22 00:10:48,706:INFO:No inverse transformation
2020-08-22 00:10:48,706:INFO:Compiling Metrics
2020-08-22 00:10:48,710:INFO:Initializing Fold 5
2020-08-22 00:10:48,710:INFO:Fitting Model
2020-08-22 00:10:49,471:INFO:Evaluating Metrics
2020-08-22 00:10:49,475:INFO:No inverse transformation
2020-08-22 00:10:49,475:INFO:Compiling Metrics
2020-08-22 00:10:49,479:INFO:Initializing Fold 6
2020-08-22 00:10:49,479:INFO:Fitting Model
2020-08-22 00:10:50,244:INFO:Evaluating Metrics
2020-08-22 00:10:50,248:INFO:No inverse transformation
2020-08-22 00:10:50,248:INFO:Compiling Metrics
2020-08-22 00:10:50,252:INFO:Initializing Fold 7
2020-08-22 00:10:50,252:INFO:Fitting Model
2020-08-22 00:10:51,036:INFO:Evaluating Metrics
2020-08-22 00:10:51,040:INFO:No inverse transformation
2020-08-22 00:10:51,040:INFO:Compiling Metrics
2020-08-22 00:10:51,044:INFO:Initializing Fold 8
2020-08-22 00:10:51,044:INFO:Fitting Model
2020-08-22 00:10:51,802:INFO:Evaluating Metrics
2020-08-22 00:10:51,806:INFO:No inverse transformation
2020-08-22 00:10:51,806:INFO:Compiling Metrics
2020-08-22 00:10:51,810:INFO:Initializing Fold 9
2020-08-22 00:10:51,810:INFO:Fitting Model
2020-08-22 00:10:52,617:INFO:Evaluating Metrics
2020-08-22 00:10:52,621:INFO:No inverse transformation
2020-08-22 00:10:52,621:INFO:Compiling Metrics
2020-08-22 00:10:52,625:INFO:Initializing Fold 10
2020-08-22 00:10:52,625:INFO:Fitting Model
2020-08-22 00:10:53,385:INFO:Evaluating Metrics
2020-08-22 00:10:53,388:INFO:No inverse transformation
2020-08-22 00:10:53,388:INFO:Compiling Metrics
2020-08-22 00:10:53,392:INFO:Calculating mean and std
2020-08-22 00:10:53,392:INFO:Creating metrics dataframe
2020-08-22 00:10:53,396:INFO:Finalizing model
2020-08-22 00:10:54,206:INFO:Uploading results into container
2020-08-22 00:10:54,210:INFO:Uploading model into container
2020-08-22 00:10:54,210:INFO:create_model_container: 1
2020-08-22 00:10:54,210:INFO:master_model_container: 1
2020-08-22 00:10:54,210:INFO:display_container: 1
2020-08-22 00:10:54,210:INFO:<catboost.core.CatBoostRegressor object at 0x000001FB898AC488>
2020-08-22 00:10:54,210:INFO:create_model() succesfully completed......................................
2020-08-22 00:10:54,210:INFO:SubProcess create_model() end ==================================
2020-08-22 00:10:54,230:INFO:create_model_container: 1
2020-08-22 00:10:54,230:INFO:master_model_container: 1
2020-08-22 00:10:54,230:INFO:display_container: 2
2020-08-22 00:10:54,230:INFO:<catboost.core.CatBoostRegressor object at 0x000001FB898AC488>
2020-08-22 00:10:54,230:INFO:compare_models() succesfully completed......................................
